[I 2023-10-03 14:08:58.668 ServerApp] Package jupyterlab took 0.0000s to import
[I 2023-10-03 14:08:58.676 ServerApp] Package jupyter_lsp took 0.0069s to import
[W 2023-10-03 14:08:58.676 ServerApp] A `_jupyter_server_extension_points` function was not found in jupyter_lsp. Instead, a `_jupyter_server_extension_paths` function was found and will be used for now. This function name will be deprecated in future releases of Jupyter Server.
[I 2023-10-03 14:08:58.679 ServerApp] Package jupyter_server_terminals took 0.0029s to import
[I 2023-10-03 14:08:58.679 ServerApp] Package notebook_shim took 0.0000s to import
[W 2023-10-03 14:08:58.679 ServerApp] A `_jupyter_server_extension_points` function was not found in notebook_shim. Instead, a `_jupyter_server_extension_paths` function was found and will be used for now. This function name will be deprecated in future releases of Jupyter Server.
[I 2023-10-03 14:08:58.679 ServerApp] jupyter_lsp | extension was successfully linked.
[I 2023-10-03 14:08:58.682 ServerApp] jupyter_server_terminals | extension was successfully linked.
[I 2023-10-03 14:08:58.685 ServerApp] jupyterlab | extension was successfully linked.
[I 2023-10-03 14:08:58.825 ServerApp] notebook_shim | extension was successfully linked.
[I 2023-10-03 14:08:58.836 ServerApp] notebook_shim | extension was successfully loaded.
[I 2023-10-03 14:08:58.837 ServerApp] jupyter_lsp | extension was successfully loaded.
[I 2023-10-03 14:08:58.838 ServerApp] jupyter_server_terminals | extension was successfully loaded.
[I 2023-10-03 14:08:58.839 LabApp] JupyterLab extension loaded from /home/magnusjsc/Skrivebord/Classification-and-3D-reconstruction-of-archaeological-artifacts/linuxPythonVenv/lib/python3.11/site-packages/jupyterlab
[I 2023-10-03 14:08:58.839 LabApp] JupyterLab application directory is /home/magnusjsc/Skrivebord/Classification-and-3D-reconstruction-of-archaeological-artifacts/linuxPythonVenv/share/jupyter/lab
[I 2023-10-03 14:08:58.839 LabApp] Extension Manager is 'pypi'.
[I 2023-10-03 14:08:58.840 ServerApp] jupyterlab | extension was successfully loaded.
[I 2023-10-03 14:08:58.841 ServerApp] Serving notebooks from local directory: /home/magnusjsc/Skrivebord/Classification-and-3D-reconstruction-of-archaeological-artifacts
[I 2023-10-03 14:08:58.841 ServerApp] Jupyter Server 2.7.3 is running at:
[I 2023-10-03 14:08:58.841 ServerApp] http://localhost:8888/lab?token=b4cac3f66be734f463488408b569d9547383129130f9e75f
[I 2023-10-03 14:08:58.841 ServerApp]     http://127.0.0.1:8888/lab?token=b4cac3f66be734f463488408b569d9547383129130f9e75f
[I 2023-10-03 14:08:58.841 ServerApp] Use Control-C to stop this server and shut down all kernels (twice to skip confirmation).
[C 2023-10-03 14:08:58.854 ServerApp] 
    
    To access the server, open this file in a browser:
        file:///home/magnusjsc/.local/share/jupyter/runtime/jpserver-55693-open.html
    Or copy and paste one of these URLs:
        http://localhost:8888/lab?token=b4cac3f66be734f463488408b569d9547383129130f9e75f
        http://127.0.0.1:8888/lab?token=b4cac3f66be734f463488408b569d9547383129130f9e75f
[I 2023-10-03 14:08:59.184 ServerApp] Skipped non-installed server(s): bash-language-server, dockerfile-language-server-nodejs, javascript-typescript-langserver, jedi-language-server, julia-language-server, pyright, python-language-server, python-lsp-server, r-languageserver, sql-language-server, texlab, typescript-language-server, unified-language-server, vscode-css-languageserver-bin, vscode-html-languageserver-bin, vscode-json-languageserver-bin, yaml-language-server
0.00s - Debugger warning: It seems that frozen modules are being used, which may
0.00s - make the debugger miss breakpoints. Please pass -Xfrozen_modules=off
0.00s - to python to disable frozen modules.
0.00s - Note: Debugging will proceed. Set PYDEVD_DISABLE_FILE_VALIDATION=1 to disable this validation.
[W 2023-10-03 14:09:01.911 LabApp] Could not determine jupyterlab build status without nodejs
[I 2023-10-03 14:09:02.439 ServerApp] Kernel started: e922ea5f-fcda-4b4e-a555-878ed4ae8638
0.00s - Debugger warning: It seems that frozen modules are being used, which may
0.00s - make the debugger miss breakpoints. Please pass -Xfrozen_modules=off
0.00s - to python to disable frozen modules.
0.00s - Note: Debugging will proceed. Set PYDEVD_DISABLE_FILE_VALIDATION=1 to disable this validation.
[I 2023-10-03 14:09:02.800 ServerApp] Connecting to kernel e922ea5f-fcda-4b4e-a555-878ed4ae8638.
[I 2023-10-03 14:09:02.804 ServerApp] Connecting to kernel e922ea5f-fcda-4b4e-a555-878ed4ae8638.
[I 2023-10-03 14:09:02.809 ServerApp] Connecting to kernel e922ea5f-fcda-4b4e-a555-878ed4ae8638.
2023-10-03 14:09:07.067764: I tensorflow/tsl/cuda/cudart_stub.cc:28] Could not find cuda drivers on your machine, GPU will not be used.
2023-10-03 14:09:07.101147: E tensorflow/compiler/xla/stream_executor/cuda/cuda_dnn.cc:9342] Unable to register cuDNN factory: Attempting to register factory for plugin cuDNN when one has already been registered
2023-10-03 14:09:07.101172: E tensorflow/compiler/xla/stream_executor/cuda/cuda_fft.cc:609] Unable to register cuFFT factory: Attempting to register factory for plugin cuFFT when one has already been registered
2023-10-03 14:09:07.101200: E tensorflow/compiler/xla/stream_executor/cuda/cuda_blas.cc:1518] Unable to register cuBLAS factory: Attempting to register factory for plugin cuBLAS when one has already been registered
2023-10-03 14:09:07.107540: I tensorflow/tsl/cuda/cudart_stub.cc:28] Could not find cuda drivers on your machine, GPU will not be used.
2023-10-03 14:09:07.108138: I tensorflow/core/platform/cpu_feature_guard.cc:182] This TensorFlow binary is optimized to use available CPU instructions in performance-critical operations.
To enable the following instructions: AVX2 FMA, in other operations, rebuild TensorFlow with the appropriate compiler flags.
2023-10-03 14:09:07.835697: W tensorflow/compiler/tf2tensorrt/utils/py_utils.cc:38] TF-TRT Warning: Could not find TensorRT
[I 2023-10-03 14:09:14.684 ServerApp] Saving file at /1stVersionCNN.ipynb
[I 2023-10-03 14:10:45.146 ServerApp] Starting buffering for e922ea5f-fcda-4b4e-a555-878ed4ae8638:4bb9315b-74a5-4b41-9700-9144c6f222b8
[I 2023-10-03 14:10:45.193 ServerApp] Connecting to kernel e922ea5f-fcda-4b4e-a555-878ed4ae8638.
[I 2023-10-03 14:10:45.193 ServerApp] Restoring connection for e922ea5f-fcda-4b4e-a555-878ed4ae8638:4bb9315b-74a5-4b41-9700-9144c6f222b8
[I 2023-10-03 14:10:46.258 ServerApp] Starting buffering for e922ea5f-fcda-4b4e-a555-878ed4ae8638:4bb9315b-74a5-4b41-9700-9144c6f222b8
[I 2023-10-03 14:10:46.754 ServerApp] Connecting to kernel e922ea5f-fcda-4b4e-a555-878ed4ae8638.
[W 2023-10-03 14:10:46.772 LabApp] Could not determine jupyterlab build status without nodejs
[I 2023-10-03 14:10:46.902 ServerApp] Starting buffering for e922ea5f-fcda-4b4e-a555-878ed4ae8638:b7427a96-1afa-41f8-81d6-9630c0a76170
[I 2023-10-03 14:10:47.231 ServerApp] Connecting to kernel e922ea5f-fcda-4b4e-a555-878ed4ae8638.
[I 2023-10-03 14:27:48.352 ServerApp] Saving file at /1stVersionCNN.ipynb
[I 2023-10-03 14:27:48.577 ServerApp] Saving file at /1stVersionCNN.ipynb
[I 2023-10-03 14:27:50.460 ServerApp] Saving file at /1stVersionCNN.ipynb
[I 2023-10-03 14:28:03.601 ServerApp] Saving file at /1stVersionCNN.ipynb
[I 2023-10-03 14:28:03.729 ServerApp] Saving file at /1stVersionCNN.ipynb
[I 2023-10-03 14:28:16.073 ServerApp] Saving file at /1stVersionCNN.ipynb
[I 2023-10-03 14:28:16.228 ServerApp] Saving file at /1stVersionCNN.ipynb
[I 2023-10-03 14:28:29.864 ServerApp] Saving file at /1stVersionCNN.ipynb
[I 2023-10-03 14:28:30.064 ServerApp] Saving file at /1stVersionCNN.ipynb
[I 2023-10-03 14:28:30.174 ServerApp] Saving file at /1stVersionCNN.ipynb
[I 2023-10-03 14:29:18.645 ServerApp] Saving file at /1stVersionCNN.ipynb
[I 2023-10-03 14:29:18.826 ServerApp] Saving file at /1stVersionCNN.ipynb
[I 2023-10-03 14:30:32.152 ServerApp] Saving file at /1stVersionCNN.ipynb
[I 2023-10-03 14:30:32.301 ServerApp] Saving file at /1stVersionCNN.ipynb
[I 2023-10-03 14:31:29.781 ServerApp] Saving file at /1stVersionCNN.ipynb
[I 2023-10-03 14:31:29.940 ServerApp] Saving file at /1stVersionCNN.ipynb
[I 2023-10-03 14:31:30.095 ServerApp] Saving file at /1stVersionCNN.ipynb
[I 2023-10-03 14:31:33.125 ServerApp] Saving file at /1stVersionCNN.ipynb
[I 2023-10-03 14:31:33.296 ServerApp] Saving file at /1stVersionCNN.ipynb
[I 2023-10-03 14:31:33.458 ServerApp] Saving file at /1stVersionCNN.ipynb
[I 2023-10-03 14:31:34.274 ServerApp] Saving file at /1stVersionCNN.ipynb
[I 2023-10-03 14:32:34.757 ServerApp] Saving file at /1stVersionCNN.ipynb
[I 2023-10-03 14:32:34.873 ServerApp] Saving file at /1stVersionCNN.ipynb
[I 2023-10-03 14:32:35.072 ServerApp] Saving file at /1stVersionCNN.ipynb
[I 2023-10-03 14:32:35.192 ServerApp] Saving file at /1stVersionCNN.ipynb
[I 2023-10-03 14:32:35.282 ServerApp] Saving file at /1stVersionCNN.ipynb
[I 2023-10-03 14:32:35.441 ServerApp] Saving file at /1stVersionCNN.ipynb
[I 2023-10-03 14:32:37.037 ServerApp] Saving file at /1stVersionCNN.ipynb
[I 2023-10-03 14:33:02.076 ServerApp] Saving file at /1stVersionCNN.ipynb
[I 2023-10-03 14:33:02.191 ServerApp] Saving file at /1stVersionCNN.ipynb
[I 2023-10-03 14:33:12.137 ServerApp] Saving file at /1stVersionCNN.ipynb
[I 2023-10-03 14:33:12.220 ServerApp] Saving file at /1stVersionCNN.ipynb
[I 2023-10-03 14:33:32.021 ServerApp] Saving file at /1stVersionCNN.ipynb
[I 2023-10-03 14:33:32.141 ServerApp] Saving file at /1stVersionCNN.ipynb
[I 2023-10-03 14:33:32.271 ServerApp] Saving file at /1stVersionCNN.ipynb
[I 2023-10-03 14:33:34.004 ServerApp] Saving file at /1stVersionCNN.ipynb
[I 2023-10-03 14:33:38.435 ServerApp] Saving file at /1stVersionCNN.ipynb
[I 2023-10-03 14:33:47.413 ServerApp] Saving file at /1stVersionCNN.ipynb
[I 2023-10-03 14:40:38.845 ServerApp] Saving file at /1stVersionCNN.ipynb
[I 2023-10-03 14:41:25.313 ServerApp] Saving file at /1stVersionCNN.ipynb
[I 2023-10-03 14:42:10.469 ServerApp] Saving file at /1stVersionCNN.ipynb
[I 2023-10-03 14:42:10.686 ServerApp] Saving file at /1stVersionCNN.ipynb
[I 2023-10-03 14:43:00.984 ServerApp] Saving file at /1stVersionCNN.ipynb
[I 2023-10-03 14:43:35.736 ServerApp] Saving file at /1stVersionCNN.ipynb
[I 2023-10-03 14:44:17.832 ServerApp] Saving file at /1stVersionCNN.ipynb
[I 2023-10-03 14:44:23.639 ServerApp] Saving file at /1stVersionCNN.ipynb
[I 2023-10-03 14:44:23.769 ServerApp] Saving file at /1stVersionCNN.ipynb
[I 2023-10-03 14:44:58.728 ServerApp] Saving file at /1stVersionCNN.ipynb
[I 2023-10-03 14:44:58.945 ServerApp] Saving file at /1stVersionCNN.ipynb
[I 2023-10-03 14:45:05.438 ServerApp] Saving file at /1stVersionCNN.ipynb
[I 2023-10-03 14:45:05.572 ServerApp] Saving file at /1stVersionCNN.ipynb
[I 2023-10-03 14:45:31.560 ServerApp] Saving file at /1stVersionCNN.ipynb
[I 2023-10-03 14:45:31.699 ServerApp] Saving file at /1stVersionCNN.ipynb
[I 2023-10-03 14:49:11.334 ServerApp] Saving file at /1stVersionCNN.ipynb
[I 2023-10-03 14:49:11.523 ServerApp] Saving file at /1stVersionCNN.ipynb
[I 2023-10-03 14:53:11.607 ServerApp] Saving file at /1stVersionCNN.ipynb
[I 2023-10-03 14:53:20.621 ServerApp] Saving file at /1stVersionCNN.ipynb
[I 2023-10-03 14:53:20.703 ServerApp] Saving file at /1stVersionCNN.ipynb
[I 2023-10-03 14:53:37.143 ServerApp] Saving file at /1stVersionCNN.ipynb
[I 2023-10-03 14:53:37.324 ServerApp] Saving file at /1stVersionCNN.ipynb
[I 2023-10-03 14:53:37.434 ServerApp] Saving file at /1stVersionCNN.ipynb
[I 2023-10-03 14:53:37.680 ServerApp] Saving file at /1stVersionCNN.ipynb
[I 2023-10-03 14:53:37.799 ServerApp] Saving file at /1stVersionCNN.ipynb
[I 2023-10-03 14:53:37.917 ServerApp] Saving file at /1stVersionCNN.ipynb
[I 2023-10-03 14:53:39.546 ServerApp] Saving file at /1stVersionCNN.ipynb
[I 2023-10-03 14:54:00.539 ServerApp] Saving file at /1stVersionCNN.ipynb
2023-10-03 14:54:09.119065: I tensorflow/compiler/xla/stream_executor/cuda/cuda_gpu_executor.cc:894] successful NUMA node read from SysFS had negative value (-1), but there must be at least one NUMA node, so returning NUMA node zero. See more at https://github.com/torvalds/linux/blob/v6.0/Documentation/ABI/testing/sysfs-bus-pci#L344-L355
2023-10-03 14:54:09.490861: W tensorflow/core/common_runtime/gpu/gpu_device.cc:2211] Cannot dlopen some GPU libraries. Please make sure the missing libraries mentioned above are installed properly if you would like to use GPU. Follow the guide at https://www.tensorflow.org/install/gpu for how to download and setup the required libraries for your platform.
Skipping registering GPU devices...
[I 2023-10-03 14:56:00.818 ServerApp] Saving file at /1stVersionCNN.ipynb
[I 2023-10-03 14:58:00.910 ServerApp] Saving file at /1stVersionCNN.ipynb
[I 2023-10-03 14:58:19.446 ServerApp] Saving file at /1stVersionCNN.ipynb
[I 2023-10-03 14:58:19.645 ServerApp] Saving file at /1stVersionCNN.ipynb
[I 2023-10-03 14:58:19.783 ServerApp] Saving file at /1stVersionCNN.ipynb
[I 2023-10-03 14:58:21.945 ServerApp] Saving file at /1stVersionCNN.ipynb
[I 2023-10-03 14:58:22.140 ServerApp] Saving file at /1stVersionCNN.ipynb
[I 2023-10-03 14:58:22.260 ServerApp] Saving file at /1stVersionCNN.ipynb
[I 2023-10-03 14:58:22.392 ServerApp] Saving file at /1stVersionCNN.ipynb
[I 2023-10-03 14:58:22.523 ServerApp] Saving file at /1stVersionCNN.ipynb
[I 2023-10-03 14:58:23.293 ServerApp] Saving file at /1stVersionCNN.ipynb
[I 2023-10-03 14:58:24.161 ServerApp] Saving file at /1stVersionCNN.ipynb
[I 2023-10-03 14:59:46.481 ServerApp] Saving file at /1stVersionCNN.ipynb
[I 2023-10-03 14:59:46.622 ServerApp] Saving file at /1stVersionCNN.ipynb
[I 2023-10-03 15:00:26.307 ServerApp] Saving file at /1stVersionCNN.ipynb
[I 2023-10-03 15:00:32.514 ServerApp] Saving file at /1stVersionCNN.ipynb
[I 2023-10-03 15:00:32.673 ServerApp] Saving file at /1stVersionCNN.ipynb
[I 2023-10-03 15:00:32.833 ServerApp] Saving file at /1stVersionCNN.ipynb
[I 2023-10-03 15:00:38.821 ServerApp] Saving file at /1stVersionCNN.ipynb
[I 2023-10-03 15:00:38.950 ServerApp] Saving file at /1stVersionCNN.ipynb
[I 2023-10-03 15:00:42.433 ServerApp] Saving file at /1stVersionCNN.ipynb
[I 2023-10-03 15:00:42.592 ServerApp] Saving file at /1stVersionCNN.ipynb
[I 2023-10-03 15:00:52.339 ServerApp] Saving file at /1stVersionCNN.ipynb
[I 2023-10-03 15:00:52.480 ServerApp] Saving file at /1stVersionCNN.ipynb
[I 2023-10-03 15:00:52.609 ServerApp] Saving file at /1stVersionCNN.ipynb
[I 2023-10-03 15:00:54.705 ServerApp] Saving file at /1stVersionCNN.ipynb
[I 2023-10-03 15:00:54.848 ServerApp] Saving file at /1stVersionCNN.ipynb
[I 2023-10-03 15:00:54.992 ServerApp] Saving file at /1stVersionCNN.ipynb
[I 2023-10-03 15:02:55.147 ServerApp] Saving file at /1stVersionCNN.ipynb
[I 2023-10-03 15:06:55.194 ServerApp] Saving file at /1stVersionCNN.ipynb
[I 2023-10-03 15:13:50.167 ServerApp] Saving file at /1stVersionCNN.ipynb
[I 2023-10-03 15:13:50.286 ServerApp] Saving file at /1stVersionCNN.ipynb
[I 2023-10-03 15:14:01.777 ServerApp] Saving file at /1stVersionCNN.ipynb
[I 2023-10-03 15:14:01.952 ServerApp] Saving file at /1stVersionCNN.ipynb
[I 2023-10-03 15:14:02.083 ServerApp] Saving file at /1stVersionCNN.ipynb
[I 2023-10-03 15:14:11.726 ServerApp] Saving file at /1stVersionCNN.ipynb
[I 2023-10-03 15:14:11.841 ServerApp] Saving file at /1stVersionCNN.ipynb
[I 2023-10-03 15:14:12.657 ServerApp] Saving file at /1stVersionCNN.ipynb
[I 2023-10-03 15:14:12.858 ServerApp] Saving file at /1stVersionCNN.ipynb
[I 2023-10-03 15:14:29.773 ServerApp] Saving file at /1stVersionCNN.ipynb
[I 2023-10-03 15:14:29.870 ServerApp] Saving file at /1stVersionCNN.ipynb
[I 2023-10-03 15:14:30.028 ServerApp] Saving file at /1stVersionCNN.ipynb
[I 2023-10-03 15:14:55.296 ServerApp] Saving file at /1stVersionCNN.ipynb
[I 2023-10-03 15:14:55.487 ServerApp] Saving file at /1stVersionCNN.ipynb
[I 2023-10-03 15:16:48.561 ServerApp] Saving file at /1stVersionCNN.ipynb
[I 2023-10-03 15:16:48.685 ServerApp] Saving file at /1stVersionCNN.ipynb
[I 2023-10-03 15:18:48.802 ServerApp] Saving file at /1stVersionCNN.ipynb
[I 2023-10-03 15:18:49.453 ServerApp] Saving file at /1stVersionCNN.ipynb
[I 2023-10-03 15:18:49.554 ServerApp] Saving file at /1stVersionCNN.ipynb
[I 2023-10-03 15:18:49.726 ServerApp] Saving file at /1stVersionCNN.ipynb
[I 2023-10-03 15:18:49.948 ServerApp] Saving file at /1stVersionCNN.ipynb
[I 2023-10-03 15:18:50.079 ServerApp] Saving file at /1stVersionCNN.ipynb
[I 2023-10-03 15:18:50.174 ServerApp] Saving file at /1stVersionCNN.ipynb
[I 2023-10-03 15:18:50.762 ServerApp] Saving file at /1stVersionCNN.ipynb
[I 2023-10-03 15:19:08.581 ServerApp] Saving file at /1stVersionCNN.ipynb
[I 2023-10-03 15:19:08.712 ServerApp] Saving file at /1stVersionCNN.ipynb
[I 2023-10-03 15:19:08.842 ServerApp] Saving file at /1stVersionCNN.ipynb
[I 2023-10-03 15:19:35.904 ServerApp] Saving file at /1stVersionCNN.ipynb
[I 2023-10-03 15:19:36.016 ServerApp] Saving file at /1stVersionCNN.ipynb
[I 2023-10-03 15:19:36.098 ServerApp] Saving file at /1stVersionCNN.ipynb
[I 2023-10-03 15:19:37.367 ServerApp] Saving file at /1stVersionCNN.ipynb
[I 2023-10-03 15:21:37.415 ServerApp] Saving file at /1stVersionCNN.ipynb
[I 2023-10-03 15:23:36.405 ServerApp] Saving file at /1stVersionCNN.ipynb
[I 2023-10-03 15:23:36.608 ServerApp] Saving file at /1stVersionCNN.ipynb
[I 2023-10-03 15:23:36.716 ServerApp] Saving file at /1stVersionCNN.ipynb
[I 2023-10-03 15:23:57.888 ServerApp] Saving file at /1stVersionCNN.ipynb
[I 2023-10-03 15:23:58.011 ServerApp] Saving file at /1stVersionCNN.ipynb
[I 2023-10-03 15:24:00.195 ServerApp] Saving file at /1stVersionCNN.ipynb
[I 2023-10-03 15:24:00.414 ServerApp] Saving file at /1stVersionCNN.ipynb
[I 2023-10-03 15:24:09.993 ServerApp] Saving file at /1stVersionCNN.ipynb
[I 2023-10-03 15:24:10.190 ServerApp] Saving file at /1stVersionCNN.ipynb
[I 2023-10-03 15:24:10.302 ServerApp] Saving file at /1stVersionCNN.ipynb
[I 2023-10-03 15:24:10.474 ServerApp] Saving file at /1stVersionCNN.ipynb
[I 2023-10-03 15:24:24.006 ServerApp] Saving file at /1stVersionCNN.ipynb
[I 2023-10-03 15:24:24.191 ServerApp] Saving file at /1stVersionCNN.ipynb
[I 2023-10-03 15:24:59.712 ServerApp] Saving file at /1stVersionCNN.ipynb
[I 2023-10-03 15:24:59.837 ServerApp] Saving file at /1stVersionCNN.ipynb
[I 2023-10-03 15:25:18.116 ServerApp] Saving file at /1stVersionCNN.ipynb
[I 2023-10-03 15:25:18.227 ServerApp] Saving file at /1stVersionCNN.ipynb
[I 2023-10-03 15:25:36.730 ServerApp] Saving file at /1stVersionCNN.ipynb
[I 2023-10-03 15:25:37.042 ServerApp] Saving file at /1stVersionCNN.ipynb
[I 2023-10-03 15:27:37.085 ServerApp] Saving file at /1stVersionCNN.ipynb
[I 2023-10-03 15:41:28.388 ServerApp] Saving file at /1stVersionCNN.ipynb
[I 2023-10-03 15:41:34.859 ServerApp] Saving file at /1stVersionCNN.ipynb
[I 2023-10-03 15:41:34.994 ServerApp] Saving file at /1stVersionCNN.ipynb
[I 2023-10-03 15:41:35.155 ServerApp] Saving file at /1stVersionCNN.ipynb
[I 2023-10-03 15:41:42.431 ServerApp] Kernel interrupted: e922ea5f-fcda-4b4e-a555-878ed4ae8638
[I 2023-10-03 15:43:35.248 ServerApp] Saving file at /1stVersionCNN.ipynb
[I 2023-10-03 15:49:48.872 ServerApp] Kernel interrupted: e922ea5f-fcda-4b4e-a555-878ed4ae8638
[I 2023-10-03 15:49:57.054 ServerApp] Saving file at /1stVersionCNN.ipynb
[I 2023-10-03 15:49:57.259 ServerApp] Saving file at /1stVersionCNN.ipynb
[I 2023-10-03 15:50:34.945 ServerApp] Saving file at /1stVersionCNN.ipynb
[I 2023-10-03 15:50:35.083 ServerApp] Saving file at /1stVersionCNN.ipynb
[I 2023-10-03 15:50:35.222 ServerApp] Saving file at /1stVersionCNN.ipynb
[I 2023-10-03 15:50:51.541 ServerApp] Saving file at /1stVersionCNN.ipynb
[I 2023-10-03 15:50:51.722 ServerApp] Saving file at /1stVersionCNN.ipynb
[I 2023-10-03 15:50:51.888 ServerApp] Saving file at /1stVersionCNN.ipynb
[I 2023-10-03 15:50:52.013 ServerApp] Saving file at /1stVersionCNN.ipynb
[I 2023-10-03 15:52:52.056 ServerApp] Saving file at /1stVersionCNN.ipynb
[I 2023-10-03 15:53:00.170 ServerApp] Saving file at /1stVersionCNN.ipynb
[I 2023-10-03 15:53:00.296 ServerApp] Saving file at /1stVersionCNN.ipynb
[I 2023-10-03 15:53:00.450 ServerApp] Saving file at /1stVersionCNN.ipynb
[I 2023-10-03 15:53:00.618 ServerApp] Saving file at /1stVersionCNN.ipynb
[I 2023-10-03 15:53:13.177 ServerApp] Saving file at /1stVersionCNN.ipynb
[I 2023-10-03 15:53:13.290 ServerApp] Saving file at /1stVersionCNN.ipynb
[I 2023-10-03 15:53:53.282 ServerApp] Saving file at /1stVersionCNN.ipynb
[I 2023-10-03 15:53:53.403 ServerApp] Saving file at /1stVersionCNN.ipynb
[I 2023-10-03 15:53:53.587 ServerApp] Saving file at /1stVersionCNN.ipynb
[I 2023-10-03 15:53:53.715 ServerApp] Saving file at /1stVersionCNN.ipynb
[I 2023-10-03 15:53:53.814 ServerApp] Saving file at /1stVersionCNN.ipynb
[I 2023-10-03 15:53:53.927 ServerApp] Saving file at /1stVersionCNN.ipynb
[I 2023-10-03 15:53:54.051 ServerApp] Saving file at /1stVersionCNN.ipynb
[I 2023-10-03 15:53:54.199 ServerApp] Saving file at /1stVersionCNN.ipynb
[I 2023-10-03 15:53:54.438 ServerApp] Saving file at /1stVersionCNN.ipynb
[I 2023-10-03 15:53:54.564 ServerApp] Saving file at /1stVersionCNN.ipynb
[I 2023-10-03 15:53:54.746 ServerApp] Saving file at /1stVersionCNN.ipynb
[I 2023-10-03 15:53:54.935 ServerApp] Saving file at /1stVersionCNN.ipynb
[I 2023-10-03 15:53:55.096 ServerApp] Saving file at /1stVersionCNN.ipynb
[I 2023-10-03 15:54:19.106 ServerApp] Saving file at /1stVersionCNN.ipynb
[I 2023-10-03 15:54:30.815 ServerApp] Saving file at /1stVersionCNN.ipynb
[I 2023-10-03 15:54:30.960 ServerApp] Saving file at /1stVersionCNN.ipynb
[I 2023-10-03 15:54:43.140 ServerApp] Saving file at /1stVersionCNN.ipynb
[I 2023-10-03 15:54:43.342 ServerApp] Saving file at /1stVersionCNN.ipynb
[I 2023-10-03 15:54:52.542 ServerApp] Saving file at /1stVersionCNN.ipynb
[I 2023-10-03 15:54:52.660 ServerApp] Saving file at /1stVersionCNN.ipynb
[I 2023-10-03 15:54:52.809 ServerApp] Saving file at /1stVersionCNN.ipynb
[I 2023-10-03 15:54:52.946 ServerApp] Saving file at /1stVersionCNN.ipynb
[I 2023-10-03 15:54:56.559 ServerApp] Saving file at /1stVersionCNN.ipynb
[I 2023-10-03 15:54:56.750 ServerApp] Saving file at /1stVersionCNN.ipynb
[I 2023-10-03 15:55:27.597 ServerApp] Saving file at /1stVersionCNN.ipynb
[I 2023-10-03 15:55:27.703 ServerApp] Saving file at /1stVersionCNN.ipynb
[I 2023-10-03 15:56:05.664 ServerApp] Saving file at /1stVersionCNN.ipynb
[I 2023-10-03 15:56:05.852 ServerApp] Saving file at /1stVersionCNN.ipynb
[I 2023-10-03 15:56:14.044 ServerApp] Saving file at /1stVersionCNN.ipynb
[I 2023-10-03 15:56:14.155 ServerApp] Saving file at /1stVersionCNN.ipynb
[I 2023-10-03 15:56:35.074 ServerApp] Saving file at /1stVersionCNN.ipynb
[I 2023-10-03 15:56:35.189 ServerApp] Saving file at /1stVersionCNN.ipynb
[I 2023-10-03 15:56:35.298 ServerApp] Saving file at /1stVersionCNN.ipynb
[I 2023-10-03 15:56:42.989 ServerApp] Saving file at /1stVersionCNN.ipynb
[I 2023-10-03 15:58:43.065 ServerApp] Saving file at /1stVersionCNN.ipynb
[I 2023-10-03 15:58:54.910 ServerApp] Saving file at /1stVersionCNN.ipynb
[I 2023-10-03 15:58:55.120 ServerApp] Saving file at /1stVersionCNN.ipynb
[I 2023-10-03 15:58:55.395 ServerApp] Saving file at /1stVersionCNN.ipynb
[I 2023-10-03 15:59:13.645 ServerApp] Saving file at /1stVersionCNN.ipynb
[I 2023-10-03 15:59:13.828 ServerApp] Saving file at /1stVersionCNN.ipynb
[I 2023-10-03 15:59:13.934 ServerApp] Saving file at /1stVersionCNN.ipynb
[I 2023-10-03 15:59:14.089 ServerApp] Saving file at /1stVersionCNN.ipynb
[I 2023-10-03 15:59:14.244 ServerApp] Saving file at /1stVersionCNN.ipynb
[I 2023-10-03 15:59:20.940 ServerApp] Saving file at /1stVersionCNN.ipynb
[I 2023-10-03 15:59:21.045 ServerApp] Saving file at /1stVersionCNN.ipynb
[I 2023-10-03 15:59:21.166 ServerApp] Saving file at /1stVersionCNN.ipynb
[I 2023-10-03 15:59:21.276 ServerApp] Saving file at /1stVersionCNN.ipynb
[I 2023-10-03 15:59:24.919 ServerApp] Kernel interrupted: e922ea5f-fcda-4b4e-a555-878ed4ae8638
[I 2023-10-03 15:59:52.385 ServerApp] Saving file at /1stVersionCNN.ipynb
[I 2023-10-03 16:01:00.412 ServerApp] Kernel interrupted: e922ea5f-fcda-4b4e-a555-878ed4ae8638
[I 2023-10-03 16:01:11.049 ServerApp] Saving file at /1stVersionCNN.ipynb
[I 2023-10-03 16:01:11.156 ServerApp] Saving file at /1stVersionCNN.ipynb
[I 2023-10-03 16:01:59.941 ServerApp] Saving file at /1stVersionCNN.ipynb
[I 2023-10-03 16:02:00.098 ServerApp] Saving file at /1stVersionCNN.ipynb
[I 2023-10-03 16:02:01.085 ServerApp] Saving file at /1stVersionCNN.ipynb
[I 2023-10-03 16:02:01.286 ServerApp] Saving file at /1stVersionCNN.ipynb
[I 2023-10-03 16:02:01.402 ServerApp] Saving file at /1stVersionCNN.ipynb
[I 2023-10-03 16:02:01.579 ServerApp] Saving file at /1stVersionCNN.ipynb
[I 2023-10-03 16:02:03.032 ServerApp] Saving file at /1stVersionCNN.ipynb
[I 2023-10-03 16:02:03.158 ServerApp] Saving file at /1stVersionCNN.ipynb
[I 2023-10-03 16:02:03.294 ServerApp] Saving file at /1stVersionCNN.ipynb
[I 2023-10-03 16:02:05.796 ServerApp] Saving file at /1stVersionCNN.ipynb
[I 2023-10-03 16:04:05.857 ServerApp] Saving file at /1stVersionCNN.ipynb
[I 2023-10-03 17:06:06.104 ServerApp] Saving file at /1stVersionCNN.ipynb
[I 2023-10-03 18:59:28.907 ServerApp] Saving file at /1stVersionCNN.ipynb
[I 2023-10-03 18:59:29.046 ServerApp] Saving file at /1stVersionCNN.ipynb
[I 2023-10-03 18:59:29.189 ServerApp] Saving file at /1stVersionCNN.ipynb
[I 2023-10-03 18:59:29.270 ServerApp] Saving file at /1stVersionCNN.ipynb
[I 2023-10-03 18:59:29.439 ServerApp] Saving file at /1stVersionCNN.ipynb
[I 2023-10-03 18:59:38.694 ServerApp] Saving file at /1stVersionCNN.ipynb
[I 2023-10-03 19:01:39.014 ServerApp] Saving file at /1stVersionCNN.ipynb
[I 2023-10-03 20:01:39.587 ServerApp] Saving file at /1stVersionCNN.ipynb
[I 2023-10-03 20:04:39.098 ServerApp] Creating new file in 
[I 2023-10-03 20:04:48.051 ServerApp] Saving file at /ImageSizes.txt
[I 2023-10-03 20:04:48.227 ServerApp] Saving file at /ImageSizes.txt
[I 2023-10-03 20:04:56.964 ServerApp] Saving file at /ImageSizes.txt
[I 2023-10-03 20:04:57.077 ServerApp] Saving file at /ImageSizes.txt
[I 2023-10-03 20:05:17.241 ServerApp] Saving file at /1stVersionCNN.ipynb
[I 2023-10-03 20:05:22.763 ServerApp] Saving file at /1stVersionCNN.ipynb
[I 2023-10-03 20:05:22.946 ServerApp] Saving file at /1stVersionCNN.ipynb
[I 2023-10-03 20:05:23.780 ServerApp] Saving file at /1stVersionCNN.ipynb
[I 2023-10-03 20:05:36.683 ServerApp] Saving file at /imageSizes.txt
[I 2023-10-03 20:05:36.767 ServerApp] Saving file at /imageSizes.txt
[I 2023-10-03 20:05:37.776 ServerApp] Saving file at /imageSizes.txt
[I 2023-10-03 20:05:37.902 ServerApp] Saving file at /imageSizes.txt
[I 2023-10-03 20:32:47.848 ServerApp] Saving file at /1stVersionCNN.ipynb
[I 2023-10-03 20:32:47.975 ServerApp] Saving file at /1stVersionCNN.ipynb
[I 2023-10-03 20:32:48.107 ServerApp] Saving file at /1stVersionCNN.ipynb
[I 2023-10-03 20:32:48.236 ServerApp] Saving file at /1stVersionCNN.ipynb
[I 2023-10-03 20:32:48.349 ServerApp] Saving file at /1stVersionCNN.ipynb
[I 2023-10-03 20:32:48.707 ServerApp] Saving file at /1stVersionCNN.ipynb
[I 2023-10-03 20:33:19.774 ServerApp] Saving file at /1stVersionCNN.ipynb
[I 2023-10-03 20:33:19.926 ServerApp] Saving file at /1stVersionCNN.ipynb
[I 2023-10-03 20:33:20.185 ServerApp] Saving file at /1stVersionCNN.ipynb
[I 2023-10-03 20:33:23.586 ServerApp] Saving file at /1stVersionCNN.ipynb
[I 2023-10-03 20:33:23.701 ServerApp] Saving file at /1stVersionCNN.ipynb
[I 2023-10-03 20:33:43.383 ServerApp] Saving file at /1stVersionCNN.ipynb
[I 2023-10-03 20:33:43.485 ServerApp] Saving file at /1stVersionCNN.ipynb
[I 2023-10-03 20:33:43.667 ServerApp] Saving file at /1stVersionCNN.ipynb
[I 2023-10-03 20:33:43.849 ServerApp] Saving file at /1stVersionCNN.ipynb
[I 2023-10-03 20:34:31.007 ServerApp] Saving file at /1stVersionCNN.ipynb
[I 2023-10-03 20:34:31.130 ServerApp] Saving file at /1stVersionCNN.ipynb
[I 2023-10-03 20:34:31.265 ServerApp] Saving file at /1stVersionCNN.ipynb
[I 2023-10-03 20:35:08.627 ServerApp] Saving file at /1stVersionCNN.ipynb
[I 2023-10-03 20:35:08.742 ServerApp] Saving file at /1stVersionCNN.ipynb
[I 2023-10-03 20:37:08.790 ServerApp] Saving file at /1stVersionCNN.ipynb
[I 2023-10-03 20:37:40.679 ServerApp] Saving file at /1stVersionCNN.ipynb
[I 2023-10-03 20:37:40.849 ServerApp] Saving file at /1stVersionCNN.ipynb
[I 2023-10-03 20:37:41.123 ServerApp] Saving file at /1stVersionCNN.ipynb
[I 2023-10-03 20:37:41.268 ServerApp] Saving file at /1stVersionCNN.ipynb
[I 2023-10-03 20:39:41.420 ServerApp] Saving file at /1stVersionCNN.ipynb
[I 2023-10-03 20:39:52.586 ServerApp] Copying imageSizes.txt to 
[W 2023-10-03 20:39:58.309 ServerApp] delete /imageSizes.txt
[I 2023-10-03 20:40:11.237 ServerApp] Saving file at /imageSizes-Copy1.txt
[I 2023-10-03 20:40:14.846 ServerApp] Saving file at /imageSizes-Copy1.txt
[I 2023-10-03 20:40:16.461 ServerApp] Saving file at /imageSizes-Copy1.txt
[I 2023-10-03 20:40:16.575 ServerApp] Saving file at /imageSizes-Copy1.txt
[I 2023-10-03 20:40:16.724 ServerApp] Saving file at /imageSizes-Copy1.txt
[I 2023-10-03 20:40:16.835 ServerApp] Saving file at /imageSizes-Copy1.txt
[I 2023-10-03 20:40:16.964 ServerApp] Saving file at /imageSizes-Copy1.txt
[I 2023-10-03 20:40:17.215 ServerApp] Saving file at /imageSizes-Copy1.txt
[I 2023-10-03 20:40:17.346 ServerApp] Saving file at /imageSizes-Copy1.txt
[I 2023-10-03 20:40:17.464 ServerApp] Saving file at /imageSizes-Copy1.txt
[I 2023-10-03 20:40:32.474 ServerApp] Saving file at /1stVersionCNN.ipynb
[I 2023-10-03 20:40:33.535 ServerApp] Saving file at /imageSizes-Copy.txt
[I 2023-10-03 20:40:48.702 ServerApp] Saving file at /imageSizes.txt
[I 2023-10-03 20:41:04.634 ServerApp] Saving file at /1stVersionCNN.ipynb
[I 2023-10-03 20:41:18.938 ServerApp] Saving file at /1stVersionCNN.ipynb
[I 2023-10-03 20:41:19.180 ServerApp] Saving file at /1stVersionCNN.ipynb
[I 2023-10-03 20:41:31.987 ServerApp] Saving file at /1stVersionCNN.ipynb
[I 2023-10-03 20:42:00.505 ServerApp] Saving file at /1stVersionCNN.ipynb
[I 2023-10-03 20:42:00.630 ServerApp] Saving file at /1stVersionCNN.ipynb
[I 2023-10-03 20:43:39.401 ServerApp] Saving file at /1stVersionCNN.ipynb
[I 2023-10-03 20:44:47.545 ServerApp] Saving file at /1stVersionCNN.ipynb
[I 2023-10-03 20:44:47.682 ServerApp] Saving file at /1stVersionCNN.ipynb
[I 2023-10-03 20:44:47.870 ServerApp] Saving file at /1stVersionCNN.ipynb
[I 2023-10-03 20:44:54.128 ServerApp] Saving file at /1stVersionCNN.ipynb
[I 2023-10-03 20:44:54.256 ServerApp] Saving file at /1stVersionCNN.ipynb
[I 2023-10-03 20:45:31.993 ServerApp] Saving file at /1stVersionCNN.ipynb
[I 2023-10-03 20:45:32.156 ServerApp] Saving file at /1stVersionCNN.ipynb
[I 2023-10-03 20:45:32.310 ServerApp] Saving file at /1stVersionCNN.ipynb
[I 2023-10-03 20:46:03.256 ServerApp] Saving file at /1stVersionCNN.ipynb
[I 2023-10-03 20:46:03.507 ServerApp] Saving file at /1stVersionCNN.ipynb
[I 2023-10-03 20:46:03.618 ServerApp] Saving file at /1stVersionCNN.ipynb
[I 2023-10-03 20:46:03.745 ServerApp] Saving file at /1stVersionCNN.ipynb
[I 2023-10-03 20:46:03.828 ServerApp] Saving file at /1stVersionCNN.ipynb
[I 2023-10-03 20:46:03.952 ServerApp] Saving file at /1stVersionCNN.ipynb
[I 2023-10-03 20:47:12.672 ServerApp] Saving file at /1stVersionCNN.ipynb
[I 2023-10-03 20:47:12.822 ServerApp] Saving file at /1stVersionCNN.ipynb
[I 2023-10-03 20:47:12.951 ServerApp] Saving file at /1stVersionCNN.ipynb
[I 2023-10-03 20:48:09.849 ServerApp] Saving file at /1stVersionCNN.ipynb
[I 2023-10-03 20:48:10.157 ServerApp] Saving file at /1stVersionCNN.ipynb
[I 2023-10-03 20:48:10.615 ServerApp] Saving file at /1stVersionCNN.ipynb
[I 2023-10-03 20:48:10.818 ServerApp] Saving file at /1stVersionCNN.ipynb
[I 2023-10-03 20:49:42.345 ServerApp] Saving file at /1stVersionCNN.ipynb
[I 2023-10-03 20:49:42.547 ServerApp] Saving file at /1stVersionCNN.ipynb
[I 2023-10-03 20:49:42.662 ServerApp] Saving file at /1stVersionCNN.ipynb
[I 2023-10-03 20:51:11.150 ServerApp] Saving file at /1stVersionCNN.ipynb
[I 2023-10-03 20:51:11.289 ServerApp] Saving file at /1stVersionCNN.ipynb
[I 2023-10-03 20:51:38.883 ServerApp] Saving file at /1stVersionCNN.ipynb
[I 2023-10-03 20:51:39.078 ServerApp] Saving file at /1stVersionCNN.ipynb
[I 2023-10-03 20:51:39.331 ServerApp] Saving file at /1stVersionCNN.ipynb
[I 2023-10-03 20:51:39.451 ServerApp] Saving file at /1stVersionCNN.ipynb
[I 2023-10-03 20:51:42.941 ServerApp] Saving file at /1stVersionCNN.ipynb
[I 2023-10-03 20:51:43.116 ServerApp] Saving file at /1stVersionCNN.ipynb
[I 2023-10-03 20:52:14.602 ServerApp] Saving file at /1stVersionCNN.ipynb
[I 2023-10-03 20:52:14.746 ServerApp] Saving file at /1stVersionCNN.ipynb
[I 2023-10-03 20:52:20.873 ServerApp] Saving file at /1stVersionCNN.ipynb
[I 2023-10-03 20:52:21.106 ServerApp] Saving file at /1stVersionCNN.ipynb
[I 2023-10-03 20:52:21.228 ServerApp] Saving file at /1stVersionCNN.ipynb
[I 2023-10-03 20:52:21.380 ServerApp] Saving file at /1stVersionCNN.ipynb
[I 2023-10-03 20:52:21.514 ServerApp] Saving file at /1stVersionCNN.ipynb
[I 2023-10-03 20:52:22.790 ServerApp] Saving file at /1stVersionCNN.ipynb
[I 2023-10-03 20:52:22.908 ServerApp] Saving file at /1stVersionCNN.ipynb
[I 2023-10-03 20:52:33.689 ServerApp] Saving file at /1stVersionCNN.ipynb
[I 2023-10-03 20:52:33.891 ServerApp] Saving file at /1stVersionCNN.ipynb
[I 2023-10-03 20:52:34.005 ServerApp] Saving file at /1stVersionCNN.ipynb
[I 2023-10-03 20:52:34.177 ServerApp] Saving file at /1stVersionCNN.ipynb
[I 2023-10-03 20:52:34.287 ServerApp] Saving file at /1stVersionCNN.ipynb
[I 2023-10-03 20:52:34.355 ServerApp] Saving file at /1stVersionCNN.ipynb
[I 2023-10-03 20:52:34.570 ServerApp] Saving file at /1stVersionCNN.ipynb
[I 2023-10-03 20:52:34.708 ServerApp] Saving file at /1stVersionCNN.ipynb
[I 2023-10-03 20:52:34.840 ServerApp] Saving file at /1stVersionCNN.ipynb
[I 2023-10-03 20:52:34.963 ServerApp] Saving file at /1stVersionCNN.ipynb
[I 2023-10-03 20:52:35.093 ServerApp] Saving file at /1stVersionCNN.ipynb
[I 2023-10-03 20:52:39.949 ServerApp] Saving file at /1stVersionCNN.ipynb
[I 2023-10-03 20:52:40.141 ServerApp] Saving file at /1stVersionCNN.ipynb
[I 2023-10-03 20:52:40.272 ServerApp] Saving file at /1stVersionCNN.ipynb
[I 2023-10-03 20:52:40.689 ServerApp] Saving file at /1stVersionCNN.ipynb
[I 2023-10-03 20:53:16.687 ServerApp] Saving file at /1stVersionCNN.ipynb
[I 2023-10-03 20:53:16.883 ServerApp] Saving file at /1stVersionCNN.ipynb
[I 2023-10-03 20:53:45.932 ServerApp] Saving file at /1stVersionCNN.ipynb
[I 2023-10-03 20:53:46.072 ServerApp] Saving file at /1stVersionCNN.ipynb
[I 2023-10-03 20:54:27.245 ServerApp] Saving file at /1stVersionCNN.ipynb
[I 2023-10-03 20:55:31.398 ServerApp] Saving file at /1stVersionCNN.ipynb
[I 2023-10-03 20:55:31.655 ServerApp] Saving file at /1stVersionCNN.ipynb
[I 2023-10-03 20:55:31.826 ServerApp] Saving file at /1stVersionCNN.ipynb
[I 2023-10-03 20:55:31.963 ServerApp] Saving file at /1stVersionCNN.ipynb
[I 2023-10-03 20:55:32.142 ServerApp] Saving file at /1stVersionCNN.ipynb
[I 2023-10-03 20:56:27.176 ServerApp] Saving file at /1stVersionCNN.ipynb
[I 2023-10-03 20:56:27.379 ServerApp] Saving file at /1stVersionCNN.ipynb
[I 2023-10-03 20:58:27.455 ServerApp] Saving file at /1stVersionCNN.ipynb
[I 2023-10-03 20:59:13.628 ServerApp] Saving file at /1stVersionCNN.ipynb
[I 2023-10-03 20:59:13.811 ServerApp] Saving file at /1stVersionCNN.ipynb
[I 2023-10-03 20:59:13.941 ServerApp] Saving file at /1stVersionCNN.ipynb
[I 2023-10-03 20:59:52.626 ServerApp] Saving file at /1stVersionCNN.ipynb
[I 2023-10-03 20:59:52.792 ServerApp] Saving file at /1stVersionCNN.ipynb
[I 2023-10-03 20:59:53.006 ServerApp] Saving file at /1stVersionCNN.ipynb
[I 2023-10-03 20:59:53.111 ServerApp] Saving file at /1stVersionCNN.ipynb
[I 2023-10-03 20:59:53.263 ServerApp] Saving file at /1stVersionCNN.ipynb
[I 2023-10-03 20:59:53.356 ServerApp] Saving file at /1stVersionCNN.ipynb
[I 2023-10-03 20:59:53.557 ServerApp] Saving file at /1stVersionCNN.ipynb
[I 2023-10-03 20:59:54.002 ServerApp] Saving file at /1stVersionCNN.ipynb
[I 2023-10-03 20:59:54.143 ServerApp] Saving file at /1stVersionCNN.ipynb
[I 2023-10-03 21:00:13.416 ServerApp] Saving file at /1stVersionCNN.ipynb
[I 2023-10-03 21:00:13.622 ServerApp] Saving file at /1stVersionCNN.ipynb
[I 2023-10-03 21:00:13.734 ServerApp] Saving file at /1stVersionCNN.ipynb
[I 2023-10-03 21:00:13.816 ServerApp] Saving file at /1stVersionCNN.ipynb
[I 2023-10-03 21:00:13.989 ServerApp] Saving file at /1stVersionCNN.ipynb
[I 2023-10-03 21:00:14.240 ServerApp] Saving file at /1stVersionCNN.ipynb
[I 2023-10-03 21:00:14.495 ServerApp] Saving file at /1stVersionCNN.ipynb
[I 2023-10-03 21:00:45.602 ServerApp] Saving file at /1stVersionCNN.ipynb
[I 2023-10-03 21:00:45.713 ServerApp] Saving file at /1stVersionCNN.ipynb
[I 2023-10-03 21:01:31.100 ServerApp] Saving file at /1stVersionCNN.ipynb
[I 2023-10-03 21:01:50.394 ServerApp] Saving file at /1stVersionCNN.ipynb
[I 2023-10-03 21:01:51.370 ServerApp] Saving file at /1stVersionCNN.ipynb
[I 2023-10-03 21:01:51.539 ServerApp] Saving file at /1stVersionCNN.ipynb
[I 2023-10-03 21:02:02.273 ServerApp] Saving file at /1stVersionCNN.ipynb
[I 2023-10-03 21:02:08.831 ServerApp] Saving file at /1stVersionCNN.ipynb
[I 2023-10-03 21:02:29.324 ServerApp] Saving file at /1stVersionCNN.ipynb
[I 2023-10-03 21:02:29.546 ServerApp] Saving file at /1stVersionCNN.ipynb
[I 2023-10-03 21:02:29.661 ServerApp] Saving file at /1stVersionCNN.ipynb
[I 2023-10-03 21:02:30.045 ServerApp] Saving file at /1stVersionCNN.ipynb
[I 2023-10-03 21:02:31.715 ServerApp] Saving file at /1stVersionCNN.ipynb
[I 2023-10-03 21:02:37.362 ServerApp] Saving file at /1stVersionCNN.ipynb
[I 2023-10-03 21:02:37.477 ServerApp] Saving file at /1stVersionCNN.ipynb
[I 2023-10-03 21:02:52.261 ServerApp] Saving file at /1stVersionCNN.ipynb
[I 2023-10-03 21:03:08.969 ServerApp] Saving file at /1stVersionCNN.ipynb
[I 2023-10-03 21:03:09.310 ServerApp] Saving file at /1stVersionCNN.ipynb
[I 2023-10-03 21:04:15.881 ServerApp] Saving file at /1stVersionCNN.ipynb
[I 2023-10-03 21:05:03.428 ServerApp] Saving file at /1stVersionCNN.ipynb
[I 2023-10-03 21:05:03.566 ServerApp] Saving file at /1stVersionCNN.ipynb
[I 2023-10-03 21:05:03.747 ServerApp] Saving file at /1stVersionCNN.ipynb
[I 2023-10-03 21:05:03.883 ServerApp] Saving file at /1stVersionCNN.ipynb
[I 2023-10-03 21:05:03.973 ServerApp] Saving file at /1stVersionCNN.ipynb
[I 2023-10-03 21:05:04.071 ServerApp] Saving file at /1stVersionCNN.ipynb
[I 2023-10-03 21:05:13.864 ServerApp] Saving file at /1stVersionCNN.ipynb
[I 2023-10-03 21:05:13.984 ServerApp] Saving file at /1stVersionCNN.ipynb
[I 2023-10-03 21:05:14.161 ServerApp] Saving file at /1stVersionCNN.ipynb
[I 2023-10-03 21:05:14.264 ServerApp] Saving file at /1stVersionCNN.ipynb
[I 2023-10-03 21:05:14.395 ServerApp] Saving file at /1stVersionCNN.ipynb
[I 2023-10-03 21:05:14.672 ServerApp] Saving file at /1stVersionCNN.ipynb
[I 2023-10-03 21:05:29.251 ServerApp] Saving file at /1stVersionCNN.ipynb
[I 2023-10-03 21:05:29.367 ServerApp] Saving file at /1stVersionCNN.ipynb
[I 2023-10-03 21:05:29.500 ServerApp] Saving file at /1stVersionCNN.ipynb
[I 2023-10-03 21:05:31.801 ServerApp] Saving file at /1stVersionCNN.ipynb
[I 2023-10-03 21:05:32.002 ServerApp] Saving file at /1stVersionCNN.ipynb
[I 2023-10-03 21:05:32.142 ServerApp] Saving file at /1stVersionCNN.ipynb
[I 2023-10-03 21:06:46.474 ServerApp] Saving file at /1stVersionCNN.ipynb
[I 2023-10-03 21:06:46.655 ServerApp] Saving file at /1stVersionCNN.ipynb
[I 2023-10-03 21:06:46.764 ServerApp] Saving file at /1stVersionCNN.ipynb
[I 2023-10-03 21:06:46.956 ServerApp] Saving file at /1stVersionCNN.ipynb
[I 2023-10-03 21:06:47.049 ServerApp] Saving file at /1stVersionCNN.ipynb
[I 2023-10-03 21:06:52.194 ServerApp] Saving file at /1stVersionCNN.ipynb
[I 2023-10-03 21:06:52.308 ServerApp] Saving file at /1stVersionCNN.ipynb
[I 2023-10-03 21:07:11.844 ServerApp] Saving file at /1stVersionCNN.ipynb
[I 2023-10-03 21:07:11.959 ServerApp] Saving file at /1stVersionCNN.ipynb
[I 2023-10-03 21:07:12.090 ServerApp] Saving file at /1stVersionCNN.ipynb
[I 2023-10-03 21:07:22.616 ServerApp] Saving file at /1stVersionCNN.ipynb
[I 2023-10-03 21:07:22.765 ServerApp] Saving file at /1stVersionCNN.ipynb
[I 2023-10-03 21:07:30.476 ServerApp] Saving file at /1stVersionCNN.ipynb
[I 2023-10-03 21:07:30.604 ServerApp] Saving file at /1stVersionCNN.ipynb
[I 2023-10-03 21:07:30.760 ServerApp] Saving file at /1stVersionCNN.ipynb
[I 2023-10-03 21:07:35.147 ServerApp] Saving file at /1stVersionCNN.ipynb
[I 2023-10-03 21:07:35.294 ServerApp] Saving file at /1stVersionCNN.ipynb
[I 2023-10-03 21:08:05.432 ServerApp] Saving file at /1stVersionCNN.ipynb
[I 2023-10-03 21:08:05.571 ServerApp] Saving file at /1stVersionCNN.ipynb
[I 2023-10-03 21:08:05.683 ServerApp] Saving file at /1stVersionCNN.ipynb
[I 2023-10-03 21:08:06.715 ServerApp] Saving file at /1stVersionCNN.ipynb
[I 2023-10-03 21:08:23.139 ServerApp] Saving file at /1stVersionCNN.ipynb
[I 2023-10-03 21:08:44.989 ServerApp] Saving file at /1stVersionCNN.ipynb
[I 2023-10-03 21:08:45.092 ServerApp] Saving file at /1stVersionCNN.ipynb
[I 2023-10-03 21:09:25.771 ServerApp] Saving file at /1stVersionCNN.ipynb
[I 2023-10-03 21:09:25.860 ServerApp] Saving file at /1stVersionCNN.ipynb
[I 2023-10-03 21:09:31.778 ServerApp] Saving file at /imageSizes.txt
[I 2023-10-03 21:09:34.165 ServerApp] Saving file at /1stVersionCNN.ipynb
[I 2023-10-03 21:09:34.277 ServerApp] Saving file at /1stVersionCNN.ipynb
[I 2023-10-03 21:09:45.767 ServerApp] Saving file at /1stVersionCNN.ipynb
[I 2023-10-03 21:09:45.956 ServerApp] Saving file at /1stVersionCNN.ipynb
[I 2023-10-03 21:09:46.225 ServerApp] Saving file at /1stVersionCNN.ipynb
[I 2023-10-03 21:09:53.000 ServerApp] Saving file at /1stVersionCNN.ipynb
[I 2023-10-03 21:09:54.005 ServerApp] Saving file at /1stVersionCNN.ipynb
[I 2023-10-03 21:10:05.430 ServerApp] Saving file at /1stVersionCNN.ipynb
[I 2023-10-03 21:10:05.879 ServerApp] Saving file at /1stVersionCNN.ipynb
[I 2023-10-03 21:10:07.085 ServerApp] Saving file at /1stVersionCNN.ipynb
[I 2023-10-03 21:10:12.984 ServerApp] Saving file at /1stVersionCNN.ipynb
[I 2023-10-03 21:10:16.995 ServerApp] Saving file at /1stVersionCNN.ipynb
[I 2023-10-03 21:10:17.249 ServerApp] Saving file at /1stVersionCNN.ipynb
[I 2023-10-03 21:10:32.306 ServerApp] Saving file at /1stVersionCNN.ipynb
[I 2023-10-03 21:10:54.864 ServerApp] Saving file at /1stVersionCNN.ipynb
[I 2023-10-03 21:10:58.867 ServerApp] Saving file at /1stVersionCNN.ipynb
[I 2023-10-03 21:11:01.519 ServerApp] Saving file at /1stVersionCNN.ipynb
[I 2023-10-03 21:11:01.682 ServerApp] Saving file at /1stVersionCNN.ipynb
[I 2023-10-03 21:12:15.022 ServerApp] Saving file at /1stVersionCNN.ipynb
[I 2023-10-03 21:12:15.212 ServerApp] Saving file at /1stVersionCNN.ipynb
[I 2023-10-03 21:12:15.332 ServerApp] Saving file at /1stVersionCNN.ipynb
[I 2023-10-03 21:12:44.044 ServerApp] Saving file at /1stVersionCNN.ipynb
[I 2023-10-03 21:13:14.637 ServerApp] Saving file at /1stVersionCNN.ipynb
[I 2023-10-03 21:14:36.472 ServerApp] Saving file at /1stVersionCNN.ipynb
[I 2023-10-03 21:14:36.636 ServerApp] Saving file at /1stVersionCNN.ipynb
[I 2023-10-03 21:14:43.130 ServerApp] Saving file at /1stVersionCNN.ipynb
[I 2023-10-03 21:14:43.287 ServerApp] Saving file at /1stVersionCNN.ipynb
[I 2023-10-03 21:14:43.436 ServerApp] Saving file at /1stVersionCNN.ipynb
[I 2023-10-03 21:24:43.615 ServerApp] Saving file at /1stVersionCNN.ipynb
[I 2023-10-03 21:24:44.125 ServerApp] Saving file at /1stVersionCNN.ipynb
[I 2023-10-03 21:24:56.306 ServerApp] Saving file at /1stVersionCNN.ipynb
[I 2023-10-03 21:26:39.920 ServerApp] Saving file at /1stVersionCNN.ipynb
[I 2023-10-03 21:26:40.044 ServerApp] Saving file at /1stVersionCNN.ipynb
[I 2023-10-03 21:26:53.255 ServerApp] Saving file at /1stVersionCNN.ipynb
[I 2023-10-03 21:27:29.532 ServerApp] Saving file at /1stVersionCNN.ipynb
[I 2023-10-03 21:27:29.653 ServerApp] Saving file at /1stVersionCNN.ipynb
[I 2023-10-03 21:27:38.302 ServerApp] Saving file at /1stVersionCNN.ipynb
[I 2023-10-03 21:27:55.792 ServerApp] Saving file at /1stVersionCNN.ipynb
[I 2023-10-03 21:28:25.680 ServerApp] Saving file at /1stVersionCNN.ipynb
[I 2023-10-03 21:28:25.827 ServerApp] Saving file at /1stVersionCNN.ipynb
[I 2023-10-03 21:28:35.274 ServerApp] Saving file at /1stVersionCNN.ipynb
[I 2023-10-03 21:28:35.472 ServerApp] Saving file at /1stVersionCNN.ipynb
[I 2023-10-03 21:29:08.758 ServerApp] Saving file at /1stVersionCNN.ipynb
[I 2023-10-03 21:29:08.916 ServerApp] Saving file at /1stVersionCNN.ipynb
[I 2023-10-03 21:29:09.410 ServerApp] Saving file at /1stVersionCNN.ipynb
[I 2023-10-03 21:29:15.123 ServerApp] Starting buffering for e922ea5f-fcda-4b4e-a555-878ed4ae8638:8b541c61-b628-4475-8942-acdb0b79b583
[C 2023-10-03 21:30:01.874 ServerApp] received signal 15, stopping
[I 2023-10-03 21:30:01.875 ServerApp] Shutting down 4 extensions
[I 2023-10-03 21:30:01.875 ServerApp] Shutting down 1 kernel
[I 2023-10-03 21:30:01.875 ServerApp] Kernel shutdown: e922ea5f-fcda-4b4e-a555-878ed4ae8638
[I 2023-10-04 09:06:16.321 ServerApp] Package jupyterlab took 0.0000s to import
[I 2023-10-04 09:06:16.338 ServerApp] Package jupyter_lsp took 0.0166s to import
[W 2023-10-04 09:06:16.338 ServerApp] A `_jupyter_server_extension_points` function was not found in jupyter_lsp. Instead, a `_jupyter_server_extension_paths` function was found and will be used for now. This function name will be deprecated in future releases of Jupyter Server.
[I 2023-10-04 09:06:16.348 ServerApp] Package jupyter_server_terminals took 0.0097s to import
[I 2023-10-04 09:06:16.348 ServerApp] Package notebook_shim took 0.0000s to import
[W 2023-10-04 09:06:16.348 ServerApp] A `_jupyter_server_extension_points` function was not found in notebook_shim. Instead, a `_jupyter_server_extension_paths` function was found and will be used for now. This function name will be deprecated in future releases of Jupyter Server.
[I 2023-10-04 09:06:16.349 ServerApp] jupyter_lsp | extension was successfully linked.
[I 2023-10-04 09:06:16.351 ServerApp] jupyter_server_terminals | extension was successfully linked.
[I 2023-10-04 09:06:16.354 ServerApp] jupyterlab | extension was successfully linked.
[I 2023-10-04 09:06:16.759 ServerApp] notebook_shim | extension was successfully linked.
[I 2023-10-04 09:06:16.834 ServerApp] notebook_shim | extension was successfully loaded.
[I 2023-10-04 09:06:16.838 ServerApp] jupyter_lsp | extension was successfully loaded.
[I 2023-10-04 09:06:16.839 ServerApp] jupyter_server_terminals | extension was successfully loaded.
[I 2023-10-04 09:06:16.846 LabApp] JupyterLab extension loaded from /home/magnusjsc/Skrivebord/Classification-and-3D-reconstruction-of-archaeological-artifacts/linuxPythonVenv/lib/python3.11/site-packages/jupyterlab
[I 2023-10-04 09:06:16.847 LabApp] JupyterLab application directory is /home/magnusjsc/Skrivebord/Classification-and-3D-reconstruction-of-archaeological-artifacts/linuxPythonVenv/share/jupyter/lab
[I 2023-10-04 09:06:16.847 LabApp] Extension Manager is 'pypi'.
[I 2023-10-04 09:06:16.850 ServerApp] jupyterlab | extension was successfully loaded.
[I 2023-10-04 09:06:16.850 ServerApp] Serving notebooks from local directory: /home/magnusjsc/Skrivebord/Classification-and-3D-reconstruction-of-archaeological-artifacts
[I 2023-10-04 09:06:16.850 ServerApp] Jupyter Server 2.7.3 is running at:
[I 2023-10-04 09:06:16.850 ServerApp] http://localhost:8888/lab?token=749c905ce6ead2284551ec57863f615506352c982780fb87
[I 2023-10-04 09:06:16.850 ServerApp]     http://127.0.0.1:8888/lab?token=749c905ce6ead2284551ec57863f615506352c982780fb87
[I 2023-10-04 09:06:16.850 ServerApp] Use Control-C to stop this server and shut down all kernels (twice to skip confirmation).
[C 2023-10-04 09:06:16.877 ServerApp] 
    
    To access the server, open this file in a browser:
        file:///home/magnusjsc/.local/share/jupyter/runtime/jpserver-2325-open.html
    Or copy and paste one of these URLs:
        http://localhost:8888/lab?token=749c905ce6ead2284551ec57863f615506352c982780fb87
        http://127.0.0.1:8888/lab?token=749c905ce6ead2284551ec57863f615506352c982780fb87
[I 2023-10-04 09:06:17.705 ServerApp] Skipped non-installed server(s): bash-language-server, dockerfile-language-server-nodejs, javascript-typescript-langserver, jedi-language-server, julia-language-server, pyright, python-language-server, python-lsp-server, r-languageserver, sql-language-server, texlab, typescript-language-server, unified-language-server, vscode-css-languageserver-bin, vscode-html-languageserver-bin, vscode-json-languageserver-bin, yaml-language-server
0.00s - Debugger warning: It seems that frozen modules are being used, which may
0.00s - make the debugger miss breakpoints. Please pass -Xfrozen_modules=off
0.00s - to python to disable frozen modules.
0.00s - Note: Debugging will proceed. Set PYDEVD_DISABLE_FILE_VALIDATION=1 to disable this validation.
[W 2023-10-04 09:06:46.700 LabApp] Could not determine jupyterlab build status without nodejs
[I 2023-10-04 09:06:47.966 ServerApp] Kernel started: af19c691-36f5-4dba-8669-c3586c316713
0.00s - Debugger warning: It seems that frozen modules are being used, which may
0.00s - make the debugger miss breakpoints. Please pass -Xfrozen_modules=off
0.00s - to python to disable frozen modules.
0.00s - Note: Debugging will proceed. Set PYDEVD_DISABLE_FILE_VALIDATION=1 to disable this validation.
[I 2023-10-04 09:06:48.410 ServerApp] Connecting to kernel af19c691-36f5-4dba-8669-c3586c316713.
[I 2023-10-04 09:06:48.420 ServerApp] Connecting to kernel af19c691-36f5-4dba-8669-c3586c316713.
[I 2023-10-04 09:06:48.495 ServerApp] Connecting to kernel af19c691-36f5-4dba-8669-c3586c316713.
2023-10-04 09:08:15.920538: I tensorflow/tsl/cuda/cudart_stub.cc:28] Could not find cuda drivers on your machine, GPU will not be used.
2023-10-04 09:08:16.697785: E tensorflow/compiler/xla/stream_executor/cuda/cuda_dnn.cc:9342] Unable to register cuDNN factory: Attempting to register factory for plugin cuDNN when one has already been registered
2023-10-04 09:08:16.697868: E tensorflow/compiler/xla/stream_executor/cuda/cuda_fft.cc:609] Unable to register cuFFT factory: Attempting to register factory for plugin cuFFT when one has already been registered
2023-10-04 09:08:16.702739: E tensorflow/compiler/xla/stream_executor/cuda/cuda_blas.cc:1518] Unable to register cuBLAS factory: Attempting to register factory for plugin cuBLAS when one has already been registered
2023-10-04 09:08:17.079678: I tensorflow/tsl/cuda/cudart_stub.cc:28] Could not find cuda drivers on your machine, GPU will not be used.
2023-10-04 09:08:17.082817: I tensorflow/core/platform/cpu_feature_guard.cc:182] This TensorFlow binary is optimized to use available CPU instructions in performance-critical operations.
To enable the following instructions: AVX2 FMA, in other operations, rebuild TensorFlow with the appropriate compiler flags.
2023-10-04 09:08:18.674736: W tensorflow/compiler/tf2tensorrt/utils/py_utils.cc:38] TF-TRT Warning: Could not find TensorRT
[I 2023-10-04 09:08:28.757 ServerApp] Saving file at /1stVersionCNN.ipynb
[I 2023-10-04 09:10:24.439 ServerApp] Saving file at /1stVersionCNN.ipynb
[I 2023-10-04 09:10:24.624 ServerApp] Saving file at /1stVersionCNN.ipynb
[I 2023-10-04 09:10:39.267 ServerApp] Saving file at /1stVersionCNN.ipynb
[I 2023-10-04 09:10:56.004 ServerApp] Saving file at /1stVersionCNN.ipynb
[I 2023-10-04 09:10:56.228 ServerApp] Saving file at /1stVersionCNN.ipynb
[I 2023-10-04 09:10:56.360 ServerApp] Saving file at /1stVersionCNN.ipynb
[I 2023-10-04 09:11:10.052 ServerApp] Saving file at /1stVersionCNN.ipynb
[I 2023-10-04 09:11:10.202 ServerApp] Saving file at /1stVersionCNN.ipynb
[I 2023-10-04 09:11:30.773 ServerApp] Saving file at /1stVersionCNN.ipynb
[I 2023-10-04 09:11:31.070 ServerApp] Saving file at /1stVersionCNN.ipynb
[I 2023-10-04 09:11:39.410 ServerApp] Saving file at /1stVersionCNN.ipynb
[I 2023-10-04 09:12:09.184 ServerApp] Saving file at /1stVersionCNN.ipynb
[I 2023-10-04 09:12:16.638 ServerApp] Saving file at /1stVersionCNN.ipynb
[I 2023-10-04 09:12:17.283 ServerApp] Saving file at /1stVersionCNN.ipynb
[I 2023-10-04 09:12:19.841 ServerApp] Saving file at /1stVersionCNN.ipynb
[I 2023-10-04 09:12:20.358 ServerApp] Saving file at /1stVersionCNN.ipynb
[I 2023-10-04 09:12:29.438 ServerApp] Saving file at /1stVersionCNN.ipynb
[I 2023-10-04 09:12:39.233 ServerApp] Saving file at /1stVersionCNN.ipynb
[I 2023-10-04 09:12:39.452 ServerApp] Saving file at /1stVersionCNN.ipynb
[I 2023-10-04 09:12:49.617 ServerApp] Saving file at /1stVersionCNN.ipynb
[I 2023-10-04 09:12:49.777 ServerApp] Saving file at /1stVersionCNN.ipynb
[I 2023-10-04 09:12:49.965 ServerApp] Saving file at /1stVersionCNN.ipynb
[I 2023-10-04 09:13:21.666 ServerApp] Saving file at /1stVersionCNN.ipynb
[I 2023-10-04 09:13:21.833 ServerApp] Saving file at /1stVersionCNN.ipynb
[I 2023-10-04 09:13:27.296 ServerApp] Saving file at /1stVersionCNN.ipynb
[I 2023-10-04 09:13:27.499 ServerApp] Saving file at /1stVersionCNN.ipynb
[I 2023-10-04 09:13:27.724 ServerApp] Saving file at /1stVersionCNN.ipynb
[I 2023-10-04 09:13:27.859 ServerApp] Saving file at /1stVersionCNN.ipynb
[I 2023-10-04 09:13:37.864 ServerApp] Saving file at /1stVersionCNN.ipynb
[I 2023-10-04 09:14:37.255 ServerApp] Saving file at /1stVersionCNN.ipynb
[I 2023-10-04 09:14:37.441 ServerApp] Saving file at /1stVersionCNN.ipynb
[I 2023-10-04 09:14:37.652 ServerApp] Saving file at /1stVersionCNN.ipynb
[I 2023-10-04 09:14:38.253 ServerApp] Saving file at /1stVersionCNN.ipynb
[I 2023-10-04 09:15:27.859 ServerApp] Saving file at /1stVersionCNN.ipynb
[I 2023-10-04 09:15:28.046 ServerApp] Saving file at /1stVersionCNN.ipynb
[I 2023-10-04 09:15:40.162 ServerApp] Saving file at /1stVersionCNN.ipynb
[I 2023-10-04 09:16:00.004 ServerApp] Saving file at /1stVersionCNN.ipynb
[I 2023-10-04 09:16:00.219 ServerApp] Saving file at /1stVersionCNN.ipynb
[I 2023-10-04 09:16:55.284 ServerApp] Saving file at /1stVersionCNN.ipynb
[I 2023-10-04 09:16:55.482 ServerApp] Saving file at /1stVersionCNN.ipynb
[I 2023-10-04 09:17:11.699 ServerApp] Saving file at /1stVersionCNN.ipynb
[I 2023-10-04 09:17:11.831 ServerApp] Saving file at /1stVersionCNN.ipynb
[I 2023-10-04 09:17:31.043 ServerApp] Saving file at /1stVersionCNN.ipynb
[I 2023-10-04 09:17:31.248 ServerApp] Saving file at /1stVersionCNN.ipynb
[I 2023-10-04 09:17:31.465 ServerApp] Saving file at /1stVersionCNN.ipynb
[I 2023-10-04 09:17:41.139 ServerApp] Saving file at /1stVersionCNN.ipynb
[I 2023-10-04 09:17:41.341 ServerApp] Saving file at /1stVersionCNN.ipynb
[I 2023-10-04 09:18:31.492 ServerApp] Saving file at /1stVersionCNN.ipynb
[I 2023-10-04 10:04:18.512 ServerApp] Saving file at /1stVersionCNN.ipynb
[I 2023-10-04 10:05:09.553 ServerApp] Saving file at /1stVersionCNN.ipynb
[I 2023-10-04 10:05:09.714 ServerApp] Saving file at /1stVersionCNN.ipynb
[I 2023-10-04 10:05:17.096 ServerApp] Saving file at /1stVersionCNN.ipynb
[I 2023-10-04 10:05:41.858 ServerApp] Saving file at /1stVersionCNN.ipynb
[I 2023-10-04 10:05:42.023 ServerApp] Saving file at /1stVersionCNN.ipynb
[I 2023-10-04 10:05:50.526 ServerApp] Saving file at /1stVersionCNN.ipynb
[I 2023-10-04 10:06:06.737 ServerApp] Saving file at /1stVersionCNN.ipynb
[I 2023-10-04 10:06:06.919 ServerApp] Saving file at /1stVersionCNN.ipynb
[I 2023-10-04 10:06:13.968 ServerApp] Saving file at /1stVersionCNN.ipynb
[I 2023-10-04 10:06:52.261 ServerApp] Saving file at /1stVersionCNN.ipynb
[I 2023-10-04 10:06:58.914 ServerApp] Saving file at /1stVersionCNN.ipynb
[I 2023-10-04 10:07:03.010 ServerApp] Saving file at /1stVersionCNN.ipynb
[I 2023-10-04 10:07:08.802 ServerApp] Saving file at /1stVersionCNN.ipynb
[I 2023-10-04 10:07:20.624 ServerApp] Saving file at /1stVersionCNN.ipynb
[I 2023-10-04 10:07:34.114 ServerApp] Saving file at /1stVersionCNN.ipynb
[I 2023-10-04 10:09:06.764 ServerApp] Saving file at /1stVersionCNN.ipynb
[I 2023-10-04 10:09:06.966 ServerApp] Saving file at /1stVersionCNN.ipynb
[I 2023-10-04 10:09:07.097 ServerApp] Saving file at /1stVersionCNN.ipynb
[I 2023-10-04 10:09:24.225 ServerApp] Saving file at /1stVersionCNN.ipynb
[I 2023-10-04 10:09:33.279 ServerApp] Saving file at /1stVersionCNN.ipynb
[I 2023-10-04 10:10:10.114 ServerApp] Saving file at /1stVersionCNN.ipynb
[I 2023-10-04 10:10:37.428 ServerApp] Saving file at /1stVersionCNN.ipynb
[W 2023-10-04 10:10:38.980 ServerApp] IOPub data rate exceeded.
    The Jupyter server will temporarily stop sending output
    to the client in order to avoid crashing it.
    To change this limit, set the config variable
    `--ServerApp.iopub_data_rate_limit`.
    
    Current values:
    ServerApp.iopub_data_rate_limit=1000000.0 (bytes/sec)
    ServerApp.rate_limit_window=3.0 (secs)
    
[I 2023-10-04 10:10:51.865 ServerApp] Saving file at /1stVersionCNN.ipynb
[I 2023-10-04 10:10:56.749 ServerApp] Saving file at /1stVersionCNN.ipynb
[I 2023-10-04 10:11:05.784 ServerApp] Saving file at /1stVersionCNN.ipynb
[I 2023-10-04 10:11:05.943 ServerApp] Saving file at /1stVersionCNN.ipynb
[I 2023-10-04 10:13:05.985 ServerApp] Saving file at /1stVersionCNN.ipynb
[I 2023-10-04 10:13:08.535 ServerApp] Saving file at /1stVersionCNN.ipynb
[I 2023-10-04 10:13:08.644 ServerApp] Saving file at /1stVersionCNN.ipynb
[I 2023-10-04 10:13:08.774 ServerApp] Saving file at /1stVersionCNN.ipynb
[I 2023-10-04 10:13:08.902 ServerApp] Saving file at /1stVersionCNN.ipynb
[W 2023-10-04 10:13:16.498 ServerApp] IOPub data rate exceeded.
    The Jupyter server will temporarily stop sending output
    to the client in order to avoid crashing it.
    To change this limit, set the config variable
    `--ServerApp.iopub_data_rate_limit`.
    
    Current values:
    ServerApp.iopub_data_rate_limit=1000000.0 (bytes/sec)
    ServerApp.rate_limit_window=3.0 (secs)
    
[I 2023-10-04 10:13:21.575 ServerApp] Saving file at /1stVersionCNN.ipynb
[I 2023-10-04 10:13:21.718 ServerApp] Saving file at /1stVersionCNN.ipynb
[I 2023-10-04 10:13:25.464 ServerApp] Saving file at /1stVersionCNN.ipynb
[I 2023-10-04 10:13:25.820 ServerApp] Starting buffering for af19c691-36f5-4dba-8669-c3586c316713:d3cf71ea-cc5a-4d2e-851e-a219478e0c3b
[I 2023-10-04 10:13:25.836 ServerApp] Connecting to kernel af19c691-36f5-4dba-8669-c3586c316713.
[I 2023-10-04 10:13:25.836 ServerApp] Restoring connection for af19c691-36f5-4dba-8669-c3586c316713:d3cf71ea-cc5a-4d2e-851e-a219478e0c3b
[I 2023-10-04 10:13:25.850 ServerApp] Starting buffering for af19c691-36f5-4dba-8669-c3586c316713:d3cf71ea-cc5a-4d2e-851e-a219478e0c3b
[I 2023-10-04 10:13:27.371 ServerApp] Connecting to kernel af19c691-36f5-4dba-8669-c3586c316713.
[I 2023-10-04 10:13:27.371 ServerApp] Discarding 4 buffered messages for af19c691-36f5-4dba-8669-c3586c316713:d3cf71ea-cc5a-4d2e-851e-a219478e0c3b
[W 2023-10-04 10:13:27.427 LabApp] Could not determine jupyterlab build status without nodejs
[W 2023-10-04 10:13:27.597 ServerApp] IOPub data rate exceeded.
    The Jupyter server will temporarily stop sending output
    to the client in order to avoid crashing it.
    To change this limit, set the config variable
    `--ServerApp.iopub_data_rate_limit`.
    
    Current values:
    ServerApp.iopub_data_rate_limit=1000000.0 (bytes/sec)
    ServerApp.rate_limit_window=3.0 (secs)
    
[I 2023-10-04 10:13:28.266 ServerApp] Connecting to kernel af19c691-36f5-4dba-8669-c3586c316713.
[W 2023-10-04 10:13:28.501 ServerApp] IOPub data rate exceeded.
    The Jupyter server will temporarily stop sending output
    to the client in order to avoid crashing it.
    To change this limit, set the config variable
    `--ServerApp.iopub_data_rate_limit`.
    
    Current values:
    ServerApp.iopub_data_rate_limit=1000000.0 (bytes/sec)
    ServerApp.rate_limit_window=3.0 (secs)
    
[W 2023-10-04 10:13:31.876 ServerApp] IOPub data rate exceeded.
    The Jupyter server will temporarily stop sending output
    to the client in order to avoid crashing it.
    To change this limit, set the config variable
    `--ServerApp.iopub_data_rate_limit`.
    
    Current values:
    ServerApp.iopub_data_rate_limit=1000000.0 (bytes/sec)
    ServerApp.rate_limit_window=3.0 (secs)
    
[W 2023-10-04 10:13:31.878 ServerApp] IOPub data rate exceeded.
    The Jupyter server will temporarily stop sending output
    to the client in order to avoid crashing it.
    To change this limit, set the config variable
    `--ServerApp.iopub_data_rate_limit`.
    
    Current values:
    ServerApp.iopub_data_rate_limit=1000000.0 (bytes/sec)
    ServerApp.rate_limit_window=3.0 (secs)
    
[W 2023-10-04 10:13:32.229 ServerApp] iopub messages resumed
[W 2023-10-04 10:13:32.230 ServerApp] iopub messages resumed
[I 2023-10-04 10:13:32.776 ServerApp] Saving file at /1stVersionCNN.ipynb
[W 2023-10-04 10:13:33.001 ServerApp] IOPub data rate exceeded.
    The Jupyter server will temporarily stop sending output
    to the client in order to avoid crashing it.
    To change this limit, set the config variable
    `--ServerApp.iopub_data_rate_limit`.
    
    Current values:
    ServerApp.iopub_data_rate_limit=1000000.0 (bytes/sec)
    ServerApp.rate_limit_window=3.0 (secs)
    
[W 2023-10-04 10:13:33.004 ServerApp] IOPub data rate exceeded.
    The Jupyter server will temporarily stop sending output
    to the client in order to avoid crashing it.
    To change this limit, set the config variable
    `--ServerApp.iopub_data_rate_limit`.
    
    Current values:
    ServerApp.iopub_data_rate_limit=1000000.0 (bytes/sec)
    ServerApp.rate_limit_window=3.0 (secs)
    
[W 2023-10-04 10:13:33.657 ServerApp] IOPub data rate exceeded.
    The Jupyter server will temporarily stop sending output
    to the client in order to avoid crashing it.
    To change this limit, set the config variable
    `--ServerApp.iopub_data_rate_limit`.
    
    Current values:
    ServerApp.iopub_data_rate_limit=1000000.0 (bytes/sec)
    ServerApp.rate_limit_window=3.0 (secs)
    
[W 2023-10-04 10:13:33.660 ServerApp] IOPub data rate exceeded.
    The Jupyter server will temporarily stop sending output
    to the client in order to avoid crashing it.
    To change this limit, set the config variable
    `--ServerApp.iopub_data_rate_limit`.
    
    Current values:
    ServerApp.iopub_data_rate_limit=1000000.0 (bytes/sec)
    ServerApp.rate_limit_window=3.0 (secs)
    
[W 2023-10-04 10:13:34.000 ServerApp] iopub messages resumed
[W 2023-10-04 10:13:34.001 ServerApp] iopub messages resumed
[W 2023-10-04 10:13:34.022 ServerApp] IOPub data rate exceeded.
    The Jupyter server will temporarily stop sending output
    to the client in order to avoid crashing it.
    To change this limit, set the config variable
    `--ServerApp.iopub_data_rate_limit`.
    
    Current values:
    ServerApp.iopub_data_rate_limit=1000000.0 (bytes/sec)
    ServerApp.rate_limit_window=3.0 (secs)
    
[W 2023-10-04 10:13:34.023 ServerApp] IOPub data rate exceeded.
    The Jupyter server will temporarily stop sending output
    to the client in order to avoid crashing it.
    To change this limit, set the config variable
    `--ServerApp.iopub_data_rate_limit`.
    
    Current values:
    ServerApp.iopub_data_rate_limit=1000000.0 (bytes/sec)
    ServerApp.rate_limit_window=3.0 (secs)
    
[W 2023-10-04 10:13:34.425 ServerApp] IOPub data rate exceeded.
    The Jupyter server will temporarily stop sending output
    to the client in order to avoid crashing it.
    To change this limit, set the config variable
    `--ServerApp.iopub_data_rate_limit`.
    
    Current values:
    ServerApp.iopub_data_rate_limit=1000000.0 (bytes/sec)
    ServerApp.rate_limit_window=3.0 (secs)
    
[W 2023-10-04 10:13:34.426 ServerApp] IOPub data rate exceeded.
    The Jupyter server will temporarily stop sending output
    to the client in order to avoid crashing it.
    To change this limit, set the config variable
    `--ServerApp.iopub_data_rate_limit`.
    
    Current values:
    ServerApp.iopub_data_rate_limit=1000000.0 (bytes/sec)
    ServerApp.rate_limit_window=3.0 (secs)
    
[W 2023-10-04 10:13:34.869 ServerApp] IOPub data rate exceeded.
    The Jupyter server will temporarily stop sending output
    to the client in order to avoid crashing it.
    To change this limit, set the config variable
    `--ServerApp.iopub_data_rate_limit`.
    
    Current values:
    ServerApp.iopub_data_rate_limit=1000000.0 (bytes/sec)
    ServerApp.rate_limit_window=3.0 (secs)
    
[W 2023-10-04 10:13:34.871 ServerApp] IOPub data rate exceeded.
    The Jupyter server will temporarily stop sending output
    to the client in order to avoid crashing it.
    To change this limit, set the config variable
    `--ServerApp.iopub_data_rate_limit`.
    
    Current values:
    ServerApp.iopub_data_rate_limit=1000000.0 (bytes/sec)
    ServerApp.rate_limit_window=3.0 (secs)
    
[W 2023-10-04 10:13:34.897 ServerApp] iopub messages resumed
[W 2023-10-04 10:13:34.898 ServerApp] iopub messages resumed
[W 2023-10-04 10:13:35.057 ServerApp] IOPub data rate exceeded.
    The Jupyter server will temporarily stop sending output
    to the client in order to avoid crashing it.
    To change this limit, set the config variable
    `--ServerApp.iopub_data_rate_limit`.
    
    Current values:
    ServerApp.iopub_data_rate_limit=1000000.0 (bytes/sec)
    ServerApp.rate_limit_window=3.0 (secs)
    
[W 2023-10-04 10:13:35.058 ServerApp] IOPub data rate exceeded.
    The Jupyter server will temporarily stop sending output
    to the client in order to avoid crashing it.
    To change this limit, set the config variable
    `--ServerApp.iopub_data_rate_limit`.
    
    Current values:
    ServerApp.iopub_data_rate_limit=1000000.0 (bytes/sec)
    ServerApp.rate_limit_window=3.0 (secs)
    
[W 2023-10-04 10:13:38.707 ServerApp] iopub messages resumed
[W 2023-10-04 10:13:38.708 ServerApp] iopub messages resumed
[W 2023-10-04 10:13:38.925 ServerApp] IOPub data rate exceeded.
    The Jupyter server will temporarily stop sending output
    to the client in order to avoid crashing it.
    To change this limit, set the config variable
    `--ServerApp.iopub_data_rate_limit`.
    
    Current values:
    ServerApp.iopub_data_rate_limit=1000000.0 (bytes/sec)
    ServerApp.rate_limit_window=3.0 (secs)
    
[W 2023-10-04 10:13:38.932 ServerApp] IOPub data rate exceeded.
    The Jupyter server will temporarily stop sending output
    to the client in order to avoid crashing it.
    To change this limit, set the config variable
    `--ServerApp.iopub_data_rate_limit`.
    
    Current values:
    ServerApp.iopub_data_rate_limit=1000000.0 (bytes/sec)
    ServerApp.rate_limit_window=3.0 (secs)
    
[W 2023-10-04 10:13:42.067 ServerApp] iopub messages resumed
[W 2023-10-04 10:13:42.068 ServerApp] iopub messages resumed
[W 2023-10-04 10:13:42.201 ServerApp] IOPub data rate exceeded.
    The Jupyter server will temporarily stop sending output
    to the client in order to avoid crashing it.
    To change this limit, set the config variable
    `--ServerApp.iopub_data_rate_limit`.
    
    Current values:
    ServerApp.iopub_data_rate_limit=1000000.0 (bytes/sec)
    ServerApp.rate_limit_window=3.0 (secs)
    
[W 2023-10-04 10:13:42.201 ServerApp] IOPub data rate exceeded.
    The Jupyter server will temporarily stop sending output
    to the client in order to avoid crashing it.
    To change this limit, set the config variable
    `--ServerApp.iopub_data_rate_limit`.
    
    Current values:
    ServerApp.iopub_data_rate_limit=1000000.0 (bytes/sec)
    ServerApp.rate_limit_window=3.0 (secs)
    
[W 2023-10-04 10:13:45.073 ServerApp] iopub messages resumed
[W 2023-10-04 10:13:45.074 ServerApp] iopub messages resumed
[W 2023-10-04 10:13:45.309 ServerApp] IOPub data rate exceeded.
    The Jupyter server will temporarily stop sending output
    to the client in order to avoid crashing it.
    To change this limit, set the config variable
    `--ServerApp.iopub_data_rate_limit`.
    
    Current values:
    ServerApp.iopub_data_rate_limit=1000000.0 (bytes/sec)
    ServerApp.rate_limit_window=3.0 (secs)
    
[W 2023-10-04 10:13:45.313 ServerApp] IOPub data rate exceeded.
    The Jupyter server will temporarily stop sending output
    to the client in order to avoid crashing it.
    To change this limit, set the config variable
    `--ServerApp.iopub_data_rate_limit`.
    
    Current values:
    ServerApp.iopub_data_rate_limit=1000000.0 (bytes/sec)
    ServerApp.rate_limit_window=3.0 (secs)
    
[I 2023-10-04 10:13:45.364 ServerApp] Starting buffering for af19c691-36f5-4dba-8669-c3586c316713:f7d97bed-9848-4f58-b658-b006e688b98e
[I 2023-10-04 10:13:54.834 ServerApp] Package jupyterlab took 0.0000s to import
[I 2023-10-04 10:13:54.841 ServerApp] Package jupyter_lsp took 0.0068s to import
[W 2023-10-04 10:13:54.841 ServerApp] A `_jupyter_server_extension_points` function was not found in jupyter_lsp. Instead, a `_jupyter_server_extension_paths` function was found and will be used for now. This function name will be deprecated in future releases of Jupyter Server.
[I 2023-10-04 10:13:54.844 ServerApp] Package jupyter_server_terminals took 0.0029s to import
[I 2023-10-04 10:13:54.845 ServerApp] Package notebook_shim took 0.0000s to import
[W 2023-10-04 10:13:54.845 ServerApp] A `_jupyter_server_extension_points` function was not found in notebook_shim. Instead, a `_jupyter_server_extension_paths` function was found and will be used for now. This function name will be deprecated in future releases of Jupyter Server.
[I 2023-10-04 10:13:54.845 ServerApp] jupyter_lsp | extension was successfully linked.
[I 2023-10-04 10:13:54.847 ServerApp] jupyter_server_terminals | extension was successfully linked.
[I 2023-10-04 10:13:54.850 ServerApp] jupyterlab | extension was successfully linked.
[I 2023-10-04 10:13:54.991 ServerApp] notebook_shim | extension was successfully linked.
[I 2023-10-04 10:13:55.002 ServerApp] notebook_shim | extension was successfully loaded.
[I 2023-10-04 10:13:55.003 ServerApp] jupyter_lsp | extension was successfully loaded.
[I 2023-10-04 10:13:55.004 ServerApp] jupyter_server_terminals | extension was successfully loaded.
[I 2023-10-04 10:13:55.005 LabApp] JupyterLab extension loaded from /home/magnusjsc/Skrivebord/Classification-and-3D-reconstruction-of-archaeological-artifacts/linuxPythonVenv/lib/python3.11/site-packages/jupyterlab
[I 2023-10-04 10:13:55.005 LabApp] JupyterLab application directory is /home/magnusjsc/Skrivebord/Classification-and-3D-reconstruction-of-archaeological-artifacts/linuxPythonVenv/share/jupyter/lab
[I 2023-10-04 10:13:55.005 LabApp] Extension Manager is 'pypi'.
[I 2023-10-04 10:13:55.007 ServerApp] jupyterlab | extension was successfully loaded.
[I 2023-10-04 10:13:55.007 ServerApp] The port 8888 is already in use, trying another port.
[I 2023-10-04 10:13:55.007 ServerApp] Serving notebooks from local directory: /home/magnusjsc/Skrivebord/Classification-and-3D-reconstruction-of-archaeological-artifacts
[I 2023-10-04 10:13:55.007 ServerApp] Jupyter Server 2.7.3 is running at:
[I 2023-10-04 10:13:55.007 ServerApp] http://localhost:8889/lab?token=55122b6018be1ea39c2ddf2e49622b00c62a3172a88c7a5b
[I 2023-10-04 10:13:55.007 ServerApp]     http://127.0.0.1:8889/lab?token=55122b6018be1ea39c2ddf2e49622b00c62a3172a88c7a5b
[I 2023-10-04 10:13:55.007 ServerApp] Use Control-C to stop this server and shut down all kernels (twice to skip confirmation).
[C 2023-10-04 10:13:55.021 ServerApp] 
    
    To access the server, open this file in a browser:
        file:///home/magnusjsc/.local/share/jupyter/runtime/jpserver-4468-open.html
    Or copy and paste one of these URLs:
        http://localhost:8889/lab?token=55122b6018be1ea39c2ddf2e49622b00c62a3172a88c7a5b
        http://127.0.0.1:8889/lab?token=55122b6018be1ea39c2ddf2e49622b00c62a3172a88c7a5b
[I 2023-10-04 10:13:55.345 ServerApp] Skipped non-installed server(s): bash-language-server, dockerfile-language-server-nodejs, javascript-typescript-langserver, jedi-language-server, julia-language-server, pyright, python-language-server, python-lsp-server, r-languageserver, sql-language-server, texlab, typescript-language-server, unified-language-server, vscode-css-languageserver-bin, vscode-html-languageserver-bin, vscode-json-languageserver-bin, yaml-language-server
0.00s - Debugger warning: It seems that frozen modules are being used, which may
0.00s - make the debugger miss breakpoints. Please pass -Xfrozen_modules=off
0.00s - to python to disable frozen modules.
0.00s - Note: Debugging will proceed. Set PYDEVD_DISABLE_FILE_VALIDATION=1 to disable this validation.
[W 2023-10-04 10:13:58.085 LabApp] Could not determine jupyterlab build status without nodejs
[I 2023-10-04 10:13:59.335 ServerApp] Kernel started: 87b42a70-e60d-4832-bc26-a3daf3d39004
0.00s - Debugger warning: It seems that frozen modules are being used, which may
0.00s - make the debugger miss breakpoints. Please pass -Xfrozen_modules=off
0.00s - to python to disable frozen modules.
0.00s - Note: Debugging will proceed. Set PYDEVD_DISABLE_FILE_VALIDATION=1 to disable this validation.
[I 2023-10-04 10:13:59.847 ServerApp] Connecting to kernel 87b42a70-e60d-4832-bc26-a3daf3d39004.
[I 2023-10-04 10:13:59.871 ServerApp] Connecting to kernel 87b42a70-e60d-4832-bc26-a3daf3d39004.
[I 2023-10-04 10:13:59.886 ServerApp] Connecting to kernel 87b42a70-e60d-4832-bc26-a3daf3d39004.
[I 2023-10-04 10:14:06.187 ServerApp] Saving file at /1stVersionCNN.ipynb
[I 2023-10-04 10:14:06.475 ServerApp] Saving file at /1stVersionCNN.ipynb
2023-10-04 10:14:16.112749: I tensorflow/tsl/cuda/cudart_stub.cc:28] Could not find cuda drivers on your machine, GPU will not be used.
2023-10-04 10:14:16.145199: E tensorflow/compiler/xla/stream_executor/cuda/cuda_dnn.cc:9342] Unable to register cuDNN factory: Attempting to register factory for plugin cuDNN when one has already been registered
2023-10-04 10:14:16.145223: E tensorflow/compiler/xla/stream_executor/cuda/cuda_fft.cc:609] Unable to register cuFFT factory: Attempting to register factory for plugin cuFFT when one has already been registered
2023-10-04 10:14:16.145247: E tensorflow/compiler/xla/stream_executor/cuda/cuda_blas.cc:1518] Unable to register cuBLAS factory: Attempting to register factory for plugin cuBLAS when one has already been registered
2023-10-04 10:14:16.151221: I tensorflow/tsl/cuda/cudart_stub.cc:28] Could not find cuda drivers on your machine, GPU will not be used.
2023-10-04 10:14:16.151558: I tensorflow/core/platform/cpu_feature_guard.cc:182] This TensorFlow binary is optimized to use available CPU instructions in performance-critical operations.
To enable the following instructions: AVX2 FMA, in other operations, rebuild TensorFlow with the appropriate compiler flags.
2023-10-04 10:14:16.886100: W tensorflow/compiler/tf2tensorrt/utils/py_utils.cc:38] TF-TRT Warning: Could not find TensorRT
[I 2023-10-04 10:14:19.242 ServerApp] Saving file at /1stVersionCNN.ipynb
[I 2023-10-04 10:14:24.729 ServerApp] Saving file at /1stVersionCNN.ipynb
[I 2023-10-04 10:14:24.858 ServerApp] Saving file at /1stVersionCNN.ipynb
[I 2023-10-04 10:14:25.016 ServerApp] Saving file at /1stVersionCNN.ipynb
[I 2023-10-04 10:16:05.883 ServerApp] Saving file at /1stVersionCNN.ipynb
[I 2023-10-04 10:17:29.545 ServerApp] Saving file at /1stVersionCNN.ipynb
[I 2023-10-04 10:19:27.519 ServerApp] Saving file at /1stVersionCNN.ipynb
[I 2023-10-04 10:19:27.686 ServerApp] Saving file at /1stVersionCNN.ipynb
[I 2023-10-04 10:25:13.007 ServerApp] Starting buffering for 87b42a70-e60d-4832-bc26-a3daf3d39004:33687150-7766-4cf1-af70-293d89247fe1
[C 2023-10-04 10:26:18.149 ServerApp] received signal 15, stopping
[C 2023-10-04 10:26:18.149 ServerApp] received signal 15, stopping
[I 2023-10-04 10:26:18.168 ServerApp] Shutting down 4 extensions
[I 2023-10-04 10:26:18.168 ServerApp] Shutting down 1 kernel
[I 2023-10-04 10:26:18.168 ServerApp] Shutting down 4 extensions
[I 2023-10-04 10:26:18.169 ServerApp] Kernel shutdown: 87b42a70-e60d-4832-bc26-a3daf3d39004
[I 2023-10-04 10:26:18.169 ServerApp] Shutting down 1 kernel
[I 2023-10-04 10:26:18.169 ServerApp] Discarding 1952 buffered messages for af19c691-36f5-4dba-8669-c3586c316713:f7d97bed-9848-4f58-b658-b006e688b98e
[I 2023-10-04 10:26:18.403 ServerApp] Kernel shutdown: af19c691-36f5-4dba-8669-c3586c316713
[I 2023-10-04 10:29:00.071 ServerApp] Package jupyterlab took 0.0000s to import
[I 2023-10-04 10:29:00.091 ServerApp] Package jupyter_lsp took 0.0189s to import
[W 2023-10-04 10:29:00.091 ServerApp] A `_jupyter_server_extension_points` function was not found in jupyter_lsp. Instead, a `_jupyter_server_extension_paths` function was found and will be used for now. This function name will be deprecated in future releases of Jupyter Server.
[I 2023-10-04 10:29:00.102 ServerApp] Package jupyter_server_terminals took 0.0107s to import
[I 2023-10-04 10:29:00.102 ServerApp] Package notebook_shim took 0.0000s to import
[W 2023-10-04 10:29:00.102 ServerApp] A `_jupyter_server_extension_points` function was not found in notebook_shim. Instead, a `_jupyter_server_extension_paths` function was found and will be used for now. This function name will be deprecated in future releases of Jupyter Server.
[I 2023-10-04 10:29:00.103 ServerApp] jupyter_lsp | extension was successfully linked.
[I 2023-10-04 10:29:00.106 ServerApp] jupyter_server_terminals | extension was successfully linked.
[I 2023-10-04 10:29:00.109 ServerApp] jupyterlab | extension was successfully linked.
[I 2023-10-04 10:29:00.524 ServerApp] notebook_shim | extension was successfully linked.
[I 2023-10-04 10:29:00.581 ServerApp] notebook_shim | extension was successfully loaded.
[I 2023-10-04 10:29:00.583 ServerApp] jupyter_lsp | extension was successfully loaded.
[I 2023-10-04 10:29:00.584 ServerApp] jupyter_server_terminals | extension was successfully loaded.
[I 2023-10-04 10:29:00.591 LabApp] JupyterLab extension loaded from /home/magnusjsc/Skrivebord/Classification-and-3D-reconstruction-of-archaeological-artifacts/linuxPythonVenv/lib/python3.11/site-packages/jupyterlab
[I 2023-10-04 10:29:00.591 LabApp] JupyterLab application directory is /home/magnusjsc/Skrivebord/Classification-and-3D-reconstruction-of-archaeological-artifacts/linuxPythonVenv/share/jupyter/lab
[I 2023-10-04 10:29:00.591 LabApp] Extension Manager is 'pypi'.
[I 2023-10-04 10:29:00.593 ServerApp] jupyterlab | extension was successfully loaded.
[I 2023-10-04 10:29:00.593 ServerApp] Serving notebooks from local directory: /home/magnusjsc/Skrivebord/Classification-and-3D-reconstruction-of-archaeological-artifacts
[I 2023-10-04 10:29:00.594 ServerApp] Jupyter Server 2.7.3 is running at:
[I 2023-10-04 10:29:00.594 ServerApp] http://localhost:8888/lab?token=a626ac31c74c0e20fdf5f8e86b7175b68b4504ed703a9b9e
[I 2023-10-04 10:29:00.594 ServerApp]     http://127.0.0.1:8888/lab?token=a626ac31c74c0e20fdf5f8e86b7175b68b4504ed703a9b9e
[I 2023-10-04 10:29:00.594 ServerApp] Use Control-C to stop this server and shut down all kernels (twice to skip confirmation).
[C 2023-10-04 10:29:00.619 ServerApp] 
    
    To access the server, open this file in a browser:
        file:///home/magnusjsc/.local/share/jupyter/runtime/jpserver-3312-open.html
    Or copy and paste one of these URLs:
        http://localhost:8888/lab?token=a626ac31c74c0e20fdf5f8e86b7175b68b4504ed703a9b9e
        http://127.0.0.1:8888/lab?token=a626ac31c74c0e20fdf5f8e86b7175b68b4504ed703a9b9e
[I 2023-10-04 10:29:01.375 ServerApp] Skipped non-installed server(s): bash-language-server, dockerfile-language-server-nodejs, javascript-typescript-langserver, jedi-language-server, julia-language-server, pyright, python-language-server, python-lsp-server, r-languageserver, sql-language-server, texlab, typescript-language-server, unified-language-server, vscode-css-languageserver-bin, vscode-html-languageserver-bin, vscode-json-languageserver-bin, yaml-language-server
0.00s - Debugger warning: It seems that frozen modules are being used, which may
0.00s - make the debugger miss breakpoints. Please pass -Xfrozen_modules=off
0.00s - to python to disable frozen modules.
0.00s - Note: Debugging will proceed. Set PYDEVD_DISABLE_FILE_VALIDATION=1 to disable this validation.
[W 2023-10-04 10:29:30.553 LabApp] Could not determine jupyterlab build status without nodejs
[I 2023-10-04 10:29:31.765 ServerApp] Kernel started: 0b04be89-6874-4e3f-82c1-04efbaffd581
0.00s - Debugger warning: It seems that frozen modules are being used, which may
0.00s - make the debugger miss breakpoints. Please pass -Xfrozen_modules=off
0.00s - to python to disable frozen modules.
0.00s - Note: Debugging will proceed. Set PYDEVD_DISABLE_FILE_VALIDATION=1 to disable this validation.
[I 2023-10-04 10:29:32.564 ServerApp] Connecting to kernel 0b04be89-6874-4e3f-82c1-04efbaffd581.
[I 2023-10-04 10:29:32.710 ServerApp] Connecting to kernel 0b04be89-6874-4e3f-82c1-04efbaffd581.
[I 2023-10-04 10:29:32.726 ServerApp] Connecting to kernel 0b04be89-6874-4e3f-82c1-04efbaffd581.
[I 2023-10-04 10:29:50.758 ServerApp] Saving file at /1stVersionCNN.ipynb
[I 2023-10-04 10:37:11.182 ServerApp] Saving file at /1stVersionCNN.ipynb
[I 2023-10-04 10:37:11.362 ServerApp] Saving file at /1stVersionCNN.ipynb
[I 2023-10-04 10:37:15.997 ServerApp] Starting buffering for 0b04be89-6874-4e3f-82c1-04efbaffd581:f3c13f88-bc52-4f78-86cf-e02ca8a9af6c
[I 2023-10-04 10:37:25.443 ServerApp] Package jupyterlab took 0.0000s to import
[I 2023-10-04 10:37:25.450 ServerApp] Package jupyter_lsp took 0.0067s to import
[W 2023-10-04 10:37:25.450 ServerApp] A `_jupyter_server_extension_points` function was not found in jupyter_lsp. Instead, a `_jupyter_server_extension_paths` function was found and will be used for now. This function name will be deprecated in future releases of Jupyter Server.
[I 2023-10-04 10:37:25.453 ServerApp] Package jupyter_server_terminals took 0.0028s to import
[I 2023-10-04 10:37:25.453 ServerApp] Package notebook_shim took 0.0000s to import
[W 2023-10-04 10:37:25.453 ServerApp] A `_jupyter_server_extension_points` function was not found in notebook_shim. Instead, a `_jupyter_server_extension_paths` function was found and will be used for now. This function name will be deprecated in future releases of Jupyter Server.
[I 2023-10-04 10:37:25.454 ServerApp] jupyter_lsp | extension was successfully linked.
[I 2023-10-04 10:37:25.456 ServerApp] jupyter_server_terminals | extension was successfully linked.
[I 2023-10-04 10:37:25.459 ServerApp] jupyterlab | extension was successfully linked.
[I 2023-10-04 10:37:25.595 ServerApp] notebook_shim | extension was successfully linked.
[I 2023-10-04 10:37:25.605 ServerApp] notebook_shim | extension was successfully loaded.
[I 2023-10-04 10:37:25.607 ServerApp] jupyter_lsp | extension was successfully loaded.
[I 2023-10-04 10:37:25.607 ServerApp] jupyter_server_terminals | extension was successfully loaded.
[I 2023-10-04 10:37:25.608 LabApp] JupyterLab extension loaded from /home/magnusjsc/Skrivebord/Classification-and-3D-reconstruction-of-archaeological-artifacts/linuxPythonVenv/lib/python3.11/site-packages/jupyterlab
[I 2023-10-04 10:37:25.608 LabApp] JupyterLab application directory is /home/magnusjsc/Skrivebord/Classification-and-3D-reconstruction-of-archaeological-artifacts/linuxPythonVenv/share/jupyter/lab
[I 2023-10-04 10:37:25.608 LabApp] Extension Manager is 'pypi'.
[I 2023-10-04 10:37:25.610 ServerApp] jupyterlab | extension was successfully loaded.
[I 2023-10-04 10:37:25.610 ServerApp] The port 8888 is already in use, trying another port.
[I 2023-10-04 10:37:25.610 ServerApp] Serving notebooks from local directory: /home/magnusjsc/Skrivebord/Classification-and-3D-reconstruction-of-archaeological-artifacts
[I 2023-10-04 10:37:25.610 ServerApp] Jupyter Server 2.7.3 is running at:
[I 2023-10-04 10:37:25.610 ServerApp] http://localhost:8889/lab?token=73283f81bcbc40844d1a1a8a569ab26f03ce3357f80a262e
[I 2023-10-04 10:37:25.610 ServerApp]     http://127.0.0.1:8889/lab?token=73283f81bcbc40844d1a1a8a569ab26f03ce3357f80a262e
[I 2023-10-04 10:37:25.610 ServerApp] Use Control-C to stop this server and shut down all kernels (twice to skip confirmation).
[C 2023-10-04 10:37:25.624 ServerApp] 
    
    To access the server, open this file in a browser:
        file:///home/magnusjsc/.local/share/jupyter/runtime/jpserver-4181-open.html
    Or copy and paste one of these URLs:
        http://localhost:8889/lab?token=73283f81bcbc40844d1a1a8a569ab26f03ce3357f80a262e
        http://127.0.0.1:8889/lab?token=73283f81bcbc40844d1a1a8a569ab26f03ce3357f80a262e
[I 2023-10-04 10:37:25.945 ServerApp] Skipped non-installed server(s): bash-language-server, dockerfile-language-server-nodejs, javascript-typescript-langserver, jedi-language-server, julia-language-server, pyright, python-language-server, python-lsp-server, r-languageserver, sql-language-server, texlab, typescript-language-server, unified-language-server, vscode-css-languageserver-bin, vscode-html-languageserver-bin, vscode-json-languageserver-bin, yaml-language-server
0.00s - Debugger warning: It seems that frozen modules are being used, which may
0.00s - make the debugger miss breakpoints. Please pass -Xfrozen_modules=off
0.00s - to python to disable frozen modules.
0.00s - Note: Debugging will proceed. Set PYDEVD_DISABLE_FILE_VALIDATION=1 to disable this validation.
[W 2023-10-04 10:37:28.690 LabApp] Could not determine jupyterlab build status without nodejs
[I 2023-10-04 10:37:29.763 ServerApp] Kernel started: 2b5756f5-2df1-42f6-9f66-bf5e72721efa
0.00s - Debugger warning: It seems that frozen modules are being used, which may
0.00s - make the debugger miss breakpoints. Please pass -Xfrozen_modules=off
0.00s - to python to disable frozen modules.
0.00s - Note: Debugging will proceed. Set PYDEVD_DISABLE_FILE_VALIDATION=1 to disable this validation.
[I 2023-10-04 10:37:30.191 ServerApp] Connecting to kernel 2b5756f5-2df1-42f6-9f66-bf5e72721efa.
[I 2023-10-04 10:37:30.206 ServerApp] Connecting to kernel 2b5756f5-2df1-42f6-9f66-bf5e72721efa.
[I 2023-10-04 10:37:30.545 ServerApp] Connecting to kernel 2b5756f5-2df1-42f6-9f66-bf5e72721efa.
[I 2023-10-04 10:37:38.297 ServerApp] Saving file at /1stVersionCNN.ipynb
[I 2023-10-04 10:37:38.421 ServerApp] Saving file at /1stVersionCNN.ipynb
2023-10-04 10:37:37.989099: I tensorflow/tsl/cuda/cudart_stub.cc:28] Could not find cuda drivers on your machine, GPU will not be used.
2023-10-04 10:37:38.620022: E tensorflow/compiler/xla/stream_executor/cuda/cuda_dnn.cc:9342] Unable to register cuDNN factory: Attempting to register factory for plugin cuDNN when one has already been registered
2023-10-04 10:37:38.620103: E tensorflow/compiler/xla/stream_executor/cuda/cuda_fft.cc:609] Unable to register cuFFT factory: Attempting to register factory for plugin cuFFT when one has already been registered
2023-10-04 10:37:38.624803: E tensorflow/compiler/xla/stream_executor/cuda/cuda_blas.cc:1518] Unable to register cuBLAS factory: Attempting to register factory for plugin cuBLAS when one has already been registered
2023-10-04 10:37:39.016308: I tensorflow/tsl/cuda/cudart_stub.cc:28] Could not find cuda drivers on your machine, GPU will not be used.
2023-10-04 10:37:39.019335: I tensorflow/core/platform/cpu_feature_guard.cc:182] This TensorFlow binary is optimized to use available CPU instructions in performance-critical operations.
To enable the following instructions: AVX2 FMA, in other operations, rebuild TensorFlow with the appropriate compiler flags.
2023-10-04 10:37:40.502201: W tensorflow/compiler/tf2tensorrt/utils/py_utils.cc:38] TF-TRT Warning: Could not find TensorRT
[I 2023-10-04 10:37:43.626 ServerApp] Saving file at /1stVersionCNN.ipynb
[I 2023-10-04 10:37:45.034 ServerApp] Saving file at /1stVersionCNN.ipynb
[I 2023-10-04 10:39:09.652 ServerApp] Saving file at /1stVersionCNN.ipynb
[I 2023-10-04 10:39:09.852 ServerApp] Saving file at /1stVersionCNN.ipynb
[I 2023-10-04 10:39:14.334 ServerApp] Saving file at /1stVersionCNN.ipynb
[I 2023-10-04 10:39:14.501 ServerApp] Saving file at /1stVersionCNN.ipynb
[I 2023-10-04 10:39:50.136 ServerApp] Saving file at /1stVersionCNN.ipynb
[I 2023-10-04 10:39:50.339 ServerApp] Saving file at /1stVersionCNN.ipynb
[I 2023-10-04 10:39:50.492 ServerApp] Saving file at /1stVersionCNN.ipynb
[I 2023-10-04 10:40:23.975 ServerApp] Saving file at /1stVersionCNN.ipynb
[I 2023-10-04 10:40:24.105 ServerApp] Saving file at /1stVersionCNN.ipynb
[I 2023-10-04 10:40:24.259 ServerApp] Saving file at /1stVersionCNN.ipynb
[I 2023-10-04 10:40:24.508 ServerApp] Saving file at /1stVersionCNN.ipynb
[I 2023-10-04 10:40:51.513 ServerApp] Saving file at /1stVersionCNN.ipynb
[I 2023-10-04 10:40:57.450 ServerApp] Saving file at /1stVersionCNN.ipynb
[I 2023-10-04 10:40:57.639 ServerApp] Saving file at /1stVersionCNN.ipynb
[I 2023-10-04 10:41:04.090 ServerApp] Saving file at /1stVersionCNN.ipynb
[I 2023-10-04 10:41:10.457 ServerApp] Saving file at /1stVersionCNN.ipynb
[I 2023-10-04 10:41:19.055 ServerApp] Saving file at /1stVersionCNN.ipynb
[I 2023-10-04 10:41:19.221 ServerApp] Saving file at /1stVersionCNN.ipynb
[I 2023-10-04 10:41:19.318 ServerApp] Saving file at /1stVersionCNN.ipynb
[I 2023-10-04 10:41:19.464 ServerApp] Saving file at /1stVersionCNN.ipynb
[I 2023-10-04 10:41:45.193 ServerApp] Saving file at /1stVersionCNN.ipynb
[I 2023-10-04 10:41:45.367 ServerApp] Saving file at /1stVersionCNN.ipynb
[I 2023-10-04 10:43:45.453 ServerApp] Saving file at /1stVersionCNN.ipynb
[I 2023-10-04 10:44:35.996 ServerApp] Saving file at /1stVersionCNN.ipynb
[I 2023-10-04 10:44:36.314 ServerApp] Saving file at /1stVersionCNN.ipynb
[I 2023-10-04 10:44:36.432 ServerApp] Saving file at /1stVersionCNN.ipynb
[I 2023-10-04 10:46:36.521 ServerApp] Saving file at /1stVersionCNN.ipynb
[I 2023-10-04 10:48:36.565 ServerApp] Saving file at /1stVersionCNN.ipynb
[I 2023-10-04 10:50:28.450 ServerApp] Saving file at /1stVersionCNN.ipynb
[I 2023-10-04 10:50:28.560 ServerApp] Saving file at /1stVersionCNN.ipynb
[I 2023-10-04 10:51:23.902 ServerApp] Saving file at /1stVersionCNN.ipynb
[I 2023-10-04 10:51:36.103 ServerApp] Saving file at /1stVersionCNN.ipynb
[I 2023-10-04 10:51:36.256 ServerApp] Saving file at /1stVersionCNN.ipynb
[I 2023-10-04 10:51:36.363 ServerApp] Saving file at /1stVersionCNN.ipynb
[I 2023-10-04 10:51:43.819 ServerApp] Saving file at /1stVersionCNN.ipynb
[I 2023-10-04 10:51:43.956 ServerApp] Saving file at /1stVersionCNN.ipynb
[I 2023-10-04 10:51:51.099 ServerApp] Saving file at /1stVersionCNN.ipynb
[I 2023-10-04 10:51:51.271 ServerApp] Saving file at /1stVersionCNN.ipynb
[I 2023-10-04 10:51:51.427 ServerApp] Saving file at /1stVersionCNN.ipynb
[I 2023-10-04 10:53:37.226 ServerApp] Saving file at /1stVersionCNN.ipynb
[I 2023-10-04 10:53:37.427 ServerApp] Saving file at /1stVersionCNN.ipynb
[I 2023-10-04 10:53:37.547 ServerApp] Saving file at /1stVersionCNN.ipynb
[I 2023-10-04 10:57:30.842 ServerApp] Saving file at /1stVersionCNN.ipynb
[I 2023-10-04 10:57:31.016 ServerApp] Saving file at /1stVersionCNN.ipynb
[I 2023-10-04 10:57:36.809 ServerApp] Saving file at /1stVersionCNN.ipynb
[I 2023-10-04 10:57:36.954 ServerApp] Saving file at /1stVersionCNN.ipynb
[I 2023-10-04 10:57:37.075 ServerApp] Saving file at /1stVersionCNN.ipynb
[I 2023-10-04 10:58:27.370 ServerApp] Saving file at /1stVersionCNN.ipynb
[I 2023-10-04 10:58:27.735 ServerApp] Saving file at /1stVersionCNN.ipynb
[I 2023-10-04 10:58:28.099 ServerApp] Saving file at /1stVersionCNN.ipynb
[I 2023-10-04 10:58:28.391 ServerApp] Saving file at /1stVersionCNN.ipynb
[I 2023-10-04 10:59:58.187 ServerApp] Saving file at /1stVersionCNN.ipynb
[I 2023-10-04 10:59:58.371 ServerApp] Saving file at /1stVersionCNN.ipynb
[I 2023-10-04 11:01:58.456 ServerApp] Saving file at /1stVersionCNN.ipynb
[I 2023-10-04 11:13:24.713 ServerApp] Saving file at /1stVersionCNN.ipynb
[I 2023-10-04 11:13:24.902 ServerApp] Saving file at /1stVersionCNN.ipynb
[I 2023-10-04 11:13:25.023 ServerApp] Saving file at /1stVersionCNN.ipynb
[I 2023-10-04 11:13:32.166 ServerApp] Saving file at /1stVersionCNN.ipynb
[I 2023-10-04 11:13:32.329 ServerApp] Saving file at /1stVersionCNN.ipynb
